TN:
SF:src\components\ui\Badge.tsx
FN:9,(anonymous_0)
FNF:1
FNH:1
FNDA:27,(anonymous_0)
DA:9,3
DA:16,27
LF:2
LH:2
BRDA:10,0,0,27
BRDA:11,1,0,27
BRDA:18,2,0,27
BRDA:18,2,1,0
BRF:4
BRH:3
end_of_record
TN:
SF:src\components\ui\Button.tsx
FN:9,(anonymous_0)
FN:13,(anonymous_1)
FNF:2
FNH:1
FNDA:27,(anonymous_0)
FNDA:0,(anonymous_1)
DA:9,3
DA:11,27
DA:13,27
DA:14,0
DA:15,0
DA:17,0
DA:21,27
DA:30,3
LF:8
LH:5
BRDA:10,0,0,27
BRDA:10,1,0,27
BRDA:14,2,0,0
BRDA:14,2,1,0
BRDA:17,3,0,0
BRDA:17,3,1,0
BRDA:23,4,0,27
BRDA:23,4,1,21
BRF:8
BRH:4
end_of_record
TN:
SF:src\components\ui\Card.tsx
FN:8,(anonymous_0)
FN:16,(anonymous_1)
FN:22,(anonymous_2)
FNF:3
FNH:2
FNDA:18,(anonymous_0)
FNDA:0,(anonymous_1)
FNDA:18,(anonymous_2)
DA:8,3
DA:9,18
DA:16,3
DA:17,0
DA:22,3
DA:23,18
LF:6
LH:5
BRDA:8,0,0,18
BRDA:8,1,0,18
BRDA:10,2,0,0
BRDA:10,2,1,18
BRDA:16,3,0,0
BRDA:22,4,0,18
BRF:6
BRH:4
end_of_record
TN:
SF:src\components\ui\Input.tsx
FN:10,(anonymous_0)
FNF:1
FNH:0
FNDA:0,(anonymous_0)
DA:10,1
DA:12,0
DA:13,0
DA:31,1
LF:4
LH:2
BRDA:11,0,0,0
BRDA:12,1,0,0
BRDA:12,1,1,0
BRDA:15,2,0,0
BRDA:15,2,1,0
BRDA:19,3,0,0
BRDA:19,3,1,0
BRDA:22,4,0,0
BRDA:22,4,1,0
BRDA:22,4,2,0
BRDA:23,5,0,0
BRDA:23,5,1,0
BRDA:24,6,0,0
BRDA:24,6,1,0
BRF:14
BRH:0
end_of_record
TN:
SF:src\components\ui\Table.tsx
FN:4,(anonymous_0)
FN:10,(anonymous_1)
FN:14,(anonymous_2)
FN:18,(anonymous_3)
FN:22,(anonymous_4)
FN:26,(anonymous_5)
FNF:6
FNH:6
FNDA:3,(anonymous_0)
FNDA:3,(anonymous_1)
FNDA:3,(anonymous_2)
FNDA:9,(anonymous_3)
FNDA:18,(anonymous_4)
FNDA:36,(anonymous_5)
DA:4,1
DA:5,3
DA:10,1
DA:11,3
DA:14,1
DA:15,3
DA:18,1
DA:19,9
DA:22,1
DA:23,18
DA:26,1
DA:27,36
LF:12
LH:12
BRDA:18,0,0,9
BRF:1
BRH:1
end_of_record
TN:
SF:src\components\ui\ui.css
FNF:0
FNH:0
LF:0
LH:0
BRF:0
BRH:0
end_of_record
TN:
SF:src\pages\evaluations\MyEvaluations.tsx
FN:9,(anonymous_0)
FN:43,(anonymous_1)
FN:72,(anonymous_2)
FNF:3
FNH:2
FNDA:3,(anonymous_0)
FNDA:6,(anonymous_1)
FNDA:0,(anonymous_2)
DA:9,1
DA:10,3
DA:13,3
DA:18,3
DA:44,6
DA:72,0
LF:6
LH:5
BRDA:46,0,0,3
BRDA:46,0,1,3
BRDA:59,1,0,3
BRDA:59,1,1,3
BRF:4
BRH:4
end_of_record
TN:
SF:src\pages\observations\ObservationsPanel.tsx
FN:8,(anonymous_0)
FN:39,(anonymous_1)
FN:79,(anonymous_2)
FNF:3
FNH:2
FNDA:3,(anonymous_0)
FNDA:6,(anonymous_1)
FNDA:0,(anonymous_2)
DA:8,1
DA:9,3
DA:12,3
DA:17,3
DA:40,6
DA:79,0
LF:6
LH:5
BRF:0
BRH:0
end_of_record
TN:
SF:src\pages\progressreports\ReviewProgressReports.tsx
FN:7,(anonymous_0)
FN:26,(anonymous_1)
FNF:2
FNH:2
FNDA:3,(anonymous_0)
FNDA:6,(anonymous_1)
DA:7,1
DA:9,3
DA:14,3
DA:27,6
LF:4
LH:4
BRDA:50,0,0,3
BRDA:50,0,1,3
BRDA:58,1,0,6
BRDA:58,1,1,3
BRF:4
BRH:4
end_of_record
