TN:
SF:src\App.tsx
FN:80,(anonymous_0)
FN:107,(anonymous_1)
FN:142,App
FNF:3
FNH:0
FNDA:0,(anonymous_0)
FNDA:0,(anonymous_1)
FNDA:0,App
DA:73,0
DA:80,0
DA:81,0
DA:83,0
DA:84,0
DA:99,0
DA:100,0
DA:103,0
DA:107,0
DA:108,0
DA:110,0
DA:111,0
DA:131,0
DA:132,0
DA:135,0
DA:136,0
DA:139,0
DA:143,0
LF:18
LH:0
BRDA:83,0,0,0
BRDA:83,0,1,0
BRDA:99,1,0,0
BRDA:99,1,1,0
BRDA:110,2,0,0
BRDA:110,2,1,0
BRDA:131,3,0,0
BRDA:131,3,1,0
BRDA:135,4,0,0
BRDA:135,4,1,0
BRDA:135,5,0,0
BRDA:135,5,1,0
BRF:12
BRH:0
end_of_record
TN:
SF:src\components\LanguageSwitcher.tsx
FN:12,(anonymous_0)
FN:21,(anonymous_1)
FN:22,(anonymous_2)
FN:28,(anonymous_3)
FN:37,(anonymous_4)
FN:51,(anonymous_5)
FN:51,(anonymous_6)
FN:71,(anonymous_7)
FN:85,(anonymous_8)
FN:102,(anonymous_9)
FNF:10
FNH:9
FNDA:91,(anonymous_0)
FNDA:43,(anonymous_1)
FNDA:1,(anonymous_2)
FNDA:1,(anonymous_3)
FNDA:43,(anonymous_4)
FNDA:3,(anonymous_5)
FNDA:3,(anonymous_6)
FNDA:0,(anonymous_7)
FNDA:1,(anonymous_8)
FNDA:1,(anonymous_9)
DA:12,6
DA:16,91
DA:17,91
DA:18,91
DA:19,91
DA:21,91
DA:22,43
DA:23,1
DA:24,1
DA:28,43
DA:29,1
DA:30,1
DA:34,43
DA:35,43
DA:37,43
DA:38,43
DA:39,43
DA:43,91
DA:45,91
DA:46,90
DA:51,3
DA:72,0
DA:73,0
DA:86,1
DA:87,1
DA:99,1
DA:102,1
LF:27
LH:25
BRDA:13,0,0,91
BRDA:23,1,0,1
BRDA:23,1,1,0
BRDA:23,2,0,1
BRDA:23,2,1,1
BRDA:29,3,0,1
BRDA:29,3,1,0
BRDA:43,4,0,0
BRDA:43,4,1,91
BRDA:45,5,0,90
BRDA:45,5,1,1
BRDA:50,6,0,90
BRDA:50,6,1,23
BRDA:60,7,0,3
BRDA:60,7,1,87
BRDA:64,8,0,90
BRDA:64,8,1,3
BRDA:70,9,0,3
BRDA:70,9,1,0
BRDA:84,10,0,0
BRDA:84,10,1,3
BRF:21
BRH:16
end_of_record
TN:
SF:src\components\RoleProtectedRoute.tsx
FN:13,(anonymous_0)
FN:23,(anonymous_1)
FNF:2
FNH:2
FNDA:5,(anonymous_0)
FNDA:3,(anonymous_1)
DA:13,1
DA:18,5
DA:19,5
DA:20,5
DA:21,5
DA:23,5
DA:24,3
DA:25,2
DA:29,5
DA:30,4
DA:33,1
LF:11
LH:11
BRDA:16,0,0,5
BRDA:21,1,0,5
BRDA:21,1,1,3
BRDA:24,2,0,2
BRDA:24,2,1,1
BRDA:29,3,0,4
BRDA:29,3,1,1
BRF:7
BRH:7
end_of_record
TN:
SF:src\components\UnauthorizedPage.tsx
FN:6,(anonymous_0)
FNF:1
FNH:1
FNDA:1,(anonymous_0)
DA:6,1
DA:7,1
DA:9,1
LF:3
LH:3
BRF:0
BRH:0
end_of_record
TN:
SF:src\components\business\TramiteStatusBadge.tsx
FN:11,(anonymous_0)
FNF:1
FNH:1
FNDA:14,(anonymous_0)
DA:11,3
DA:12,14
DA:13,14
LF:3
LH:3
BRF:0
BRH:0
end_of_record
TN:
SF:src\components\common\Spinner.tsx
FN:9,(anonymous_0)
FNF:1
FNH:1
FNDA:137,(anonymous_0)
DA:9,21
DA:14,137
DA:20,137
DA:26,137
DA:35,137
LF:5
LH:5
BRDA:10,0,0,137
BRDA:11,1,0,137
BRDA:12,2,0,137
BRDA:29,3,0,0
BRDA:29,3,1,137
BRDA:30,4,0,0
BRDA:30,4,1,137
BRF:7
BRH:5
end_of_record
TN:
SF:src\components\ui\Alert.tsx
FN:10,(anonymous_0)
FNF:1
FNH:1
FNDA:23,(anonymous_0)
DA:10,13
DA:17,23
LF:2
LH:2
BRDA:11,0,0,23
BRDA:12,1,0,23
BRDA:20,2,0,23
BRDA:20,2,1,23
BRDA:23,3,0,23
BRDA:23,3,1,23
BRF:6
BRH:6
end_of_record
TN:
SF:src\components\ui\Badge.tsx
FN:9,(anonymous_0)
FNF:1
FNH:1
FNDA:592,(anonymous_0)
DA:9,25
DA:16,592
LF:2
LH:2
BRDA:10,0,0,592
BRDA:11,1,0,592
BRDA:18,2,0,592
BRDA:18,2,1,38
BRF:4
BRH:4
end_of_record
TN:
SF:src\components\ui\Button.tsx
FN:10,(anonymous_0)
FN:15,(anonymous_1)
FNF:2
FNH:2
FNDA:1253,(anonymous_0)
FNDA:54,(anonymous_1)
DA:10,58
DA:12,1253
DA:13,1253
DA:15,1253
DA:16,54
DA:17,46
DA:19,8
DA:23,1253
DA:32,58
LF:9
LH:9
BRDA:11,0,0,1253
BRDA:11,1,0,1253
BRDA:12,2,0,34
BRDA:12,2,1,1219
BRDA:16,3,0,46
BRDA:16,3,1,8
BRDA:19,4,0,8
BRDA:19,4,1,0
BRDA:25,5,0,1253
BRDA:25,5,1,1015
BRF:10
BRH:9
end_of_record
TN:
SF:src\components\ui\Card.tsx
FN:8,(anonymous_0)
FN:16,(anonymous_1)
FN:22,(anonymous_2)
FNF:3
FNH:3
FNDA:940,(anonymous_0)
FNDA:260,(anonymous_1)
FNDA:901,(anonymous_2)
DA:8,26
DA:9,940
DA:16,26
DA:17,260
DA:22,26
DA:23,901
LF:6
LH:6
BRDA:8,0,0,940
BRDA:8,1,0,940
BRDA:10,2,0,1
BRDA:10,2,1,939
BRDA:16,3,0,260
BRDA:22,4,0,901
BRF:6
BRH:6
end_of_record
TN:
SF:src\components\ui\Input.tsx
FN:10,(anonymous_0)
FNF:1
FNH:1
FNDA:305,(anonymous_0)
DA:10,10
DA:12,305
DA:13,305
DA:31,10
LF:4
LH:4
BRDA:11,0,0,305
BRDA:12,1,0,305
BRDA:12,1,1,305
BRDA:15,2,0,305
BRDA:15,2,1,145
BRDA:19,3,0,2
BRDA:19,3,1,303
BRDA:22,4,0,305
BRDA:22,4,1,303
BRDA:22,4,2,13
BRDA:23,5,0,2
BRDA:23,5,1,11
BRDA:24,6,0,13
BRDA:24,6,1,11
BRF:14
BRH:14
end_of_record
TN:
SF:src\components\ui\Pagination.tsx
FN:14,(anonymous_0)
FN:29,(anonymous_1)
FN:62,(anonymous_2)
FN:92,(anonymous_3)
FN:101,(anonymous_4)
FN:113,(anonymous_5)
FN:123,(anonymous_6)
FNF:7
FNH:6
FNDA:159,(anonymous_0)
FNDA:4,(anonymous_1)
FNDA:14,(anonymous_2)
FNDA:1,(anonymous_3)
FNDA:18,(anonymous_4)
FNDA:0,(anonymous_5)
FNDA:1,(anonymous_6)
DA:14,16
DA:22,159
DA:24,159
DA:26,4
DA:27,4
DA:29,4
DA:30,4
DA:31,4
DA:32,4
DA:34,4
DA:35,4
DA:36,6
DA:37,4
DA:38,4
DA:40,4
DA:41,4
DA:42,18
DA:43,4
DA:45,14
DA:48,4
DA:51,4
DA:62,14
DA:72,4
DA:92,1
DA:102,18
DA:113,0
DA:123,1
LF:27
LH:26
BRDA:20,0,0,159
BRDA:24,1,0,155
BRDA:24,1,1,4
BRDA:35,2,0,2
BRDA:35,2,1,2
BRDA:37,3,0,2
BRDA:37,3,1,2
BRDA:38,4,0,4
BRDA:38,4,1,0
BRDA:42,5,0,4
BRDA:42,5,1,14
BRDA:65,6,0,4
BRDA:65,6,1,10
BRDA:66,7,0,4
BRDA:66,7,1,10
BRDA:67,8,0,4
BRDA:67,8,1,10
BRDA:68,9,0,4
BRDA:68,9,1,10
BRDA:95,10,0,1
BRDA:95,10,1,3
BRDA:96,11,0,1
BRDA:96,11,1,3
BRDA:102,12,0,4
BRDA:102,12,1,14
BRDA:126,13,0,1
BRDA:126,13,1,3
BRDA:127,14,0,1
BRDA:127,14,1,3
BRF:29
BRH:28
end_of_record
TN:
SF:src\components\ui\Select.tsx
FN:11,(anonymous_0)
FN:23,(anonymous_1)
FNF:2
FNH:2
FNDA:107,(anonymous_0)
FNDA:347,(anonymous_1)
DA:11,6
DA:13,107
DA:14,107
DA:24,347
DA:36,6
LF:5
LH:5
BRDA:12,0,0,107
BRDA:13,1,0,107
BRDA:13,1,1,107
BRDA:16,2,0,107
BRDA:16,2,1,42
BRDA:20,3,0,0
BRDA:20,3,1,107
BRDA:27,4,0,107
BRDA:27,4,1,107
BRDA:27,4,2,0
BRDA:28,5,0,0
BRDA:28,5,1,0
BRDA:29,6,0,0
BRDA:29,6,1,0
BRF:14
BRH:8
end_of_record
TN:
SF:src\components\ui\Stepper.tsx
FN:17,(anonymous_0)
FN:31,(anonymous_1)
FN:44,(anonymous_2)
FN:47,(anonymous_3)
FNF:4
FNH:4
FNDA:13,(anonymous_0)
FNDA:13,(anonymous_1)
FNDA:3,(anonymous_2)
FNDA:13,(anonymous_3)
DA:17,3
DA:18,13
DA:21,2
DA:23,3
DA:25,1
DA:27,7
DA:31,3
DA:32,13
DA:34,1
DA:36,1
DA:38,3
DA:40,1
DA:44,3
DA:45,3
DA:48,13
DA:50,13
LF:16
LH:16
BRDA:18,0,0,1
BRDA:18,0,1,2
BRDA:18,0,2,3
BRDA:18,0,3,1
BRDA:18,0,4,7
BRDA:32,1,0,1
BRDA:32,1,1,1
BRDA:32,1,2,3
BRDA:32,1,3,1
BRDA:76,2,0,13
BRDA:76,2,1,10
BRF:11
BRH:11
end_of_record
TN:
SF:src\components\ui\Table.tsx
FN:4,(anonymous_0)
FN:10,(anonymous_1)
FN:14,(anonymous_2)
FN:18,(anonymous_3)
FN:22,(anonymous_4)
FN:26,(anonymous_5)
FNF:6
FNH:6
FNDA:154,(anonymous_0)
FNDA:154,(anonymous_1)
FNDA:154,(anonymous_2)
FNDA:488,(anonymous_3)
FNDA:852,(anonymous_4)
FNDA:1494,(anonymous_5)
DA:4,11
DA:5,154
DA:10,11
DA:11,154
DA:14,11
DA:15,154
DA:18,11
DA:19,488
DA:22,11
DA:23,852
DA:26,11
DA:27,1494
LF:12
LH:12
BRDA:4,0,0,154
BRDA:18,1,0,488
BRF:2
BRH:2
end_of_record
TN:
SF:src\components\ui\Textarea.tsx
FN:10,(anonymous_0)
FNF:1
FNH:1
FNDA:60,(anonymous_0)
DA:10,6
DA:12,60
DA:13,60
DA:31,6
LF:4
LH:4
BRDA:11,0,0,60
BRDA:12,1,0,60
BRDA:12,1,1,60
BRDA:15,2,0,60
BRDA:15,2,1,57
BRDA:19,3,0,3
BRDA:19,3,1,57
BRDA:22,4,0,60
BRDA:22,4,1,57
BRDA:22,4,2,4
BRDA:23,5,0,3
BRDA:23,5,1,1
BRDA:24,6,0,4
BRDA:24,6,1,1
BRF:14
BRH:14
end_of_record
TN:
SF:src\components\ui\Timeline.tsx
FN:14,(anonymous_0)
FN:22,(anonymous_1)
FN:80,(anonymous_2)
FNF:3
FNH:3
FNDA:8,(anonymous_0)
FNDA:8,(anonymous_1)
FNDA:3,(anonymous_2)
DA:14,3
DA:22,8
DA:23,8
DA:24,3
DA:25,1
DA:26,3
DA:27,1
DA:31,8
DA:33,8
DA:80,3
DA:81,3
LF:11
LH:11
BRDA:20,0,0,8
BRDA:23,1,0,3
BRDA:23,1,1,1
BRDA:23,1,2,3
BRDA:23,1,3,1
BRDA:47,2,0,8
BRDA:47,2,1,5
BRDA:52,3,0,1
BRDA:52,3,1,4
BRDA:53,4,0,0
BRDA:53,4,1,5
BRDA:62,5,0,3
BRDA:62,5,1,5
BRDA:68,6,0,8
BRDA:68,6,1,7
BRDA:69,7,0,8
BRDA:69,7,1,0
BRF:17
BRH:15
end_of_record
TN:
SF:src\context\AuthContext.tsx
FN:22,(anonymous_0)
FN:31,(anonymous_1)
FN:32,(anonymous_2)
FN:72,(anonymous_3)
FN:105,(anonymous_4)
FN:122,(anonymous_5)
FN:132,(anonymous_6)
FN:138,(anonymous_7)
FNF:8
FNH:8
FNDA:25,(anonymous_0)
FNDA:9,(anonymous_1)
FNDA:9,(anonymous_2)
FNDA:2,(anonymous_3)
FNDA:1,(anonymous_4)
FNDA:1,(anonymous_5)
FNDA:1,(anonymous_6)
FNDA:1,(anonymous_7)
DA:20,59
DA:22,59
DA:23,25
DA:24,25
DA:25,25
DA:26,25
DA:27,25
DA:28,25
DA:31,25
DA:32,9
DA:33,9
DA:35,9
DA:36,4
DA:37,4
DA:40,5
DA:42,5
DA:43,4
DA:45,9
DA:54,9
DA:55,9
DA:56,9
DA:57,9
DA:58,9
DA:60,2
DA:62,2
DA:63,2
DA:65,5
DA:69,9
DA:72,25
DA:73,2
DA:74,2
DA:75,2
DA:78,1
DA:80,1
DA:90,1
DA:92,1
DA:93,1
DA:94,1
DA:95,1
DA:97,1
DA:99,1
DA:100,1
DA:101,1
DA:105,25
DA:106,1
DA:107,1
DA:115,1
DA:116,1
DA:117,1
DA:118,1
DA:119,1
DA:122,25
DA:123,1
DA:124,1
DA:125,1
DA:126,1
DA:127,1
DA:128,1
DA:129,1
DA:132,25
DA:133,1
DA:134,0
DA:138,25
DA:139,1
DA:142,25
LF:65
LH:64
BRDA:35,0,0,4
BRDA:35,0,1,5
BRDA:43,1,0,4
BRDA:43,1,1,1
BRDA:43,1,2,0
BRDA:47,2,0,9
BRDA:47,2,1,1
BRDA:47,2,2,0
BRDA:48,3,0,9
BRDA:48,3,1,1
BRDA:48,3,2,0
BRDA:49,4,0,9
BRDA:49,4,1,1
BRDA:49,4,2,0
BRDA:99,5,0,1
BRDA:99,5,1,0
BRDA:133,6,0,0
BRDA:133,6,1,1
BRF:18
BRH:12
end_of_record
TN:
SF:src\context\ConfirmContext.tsx
FN:22,(anonymous_0)
FN:30,(anonymous_1)
FN:36,(anonymous_2)
FN:42,(anonymous_3)
FN:47,(anonymous_4)
FN:50,(anonymous_5)
FN:55,(anonymous_6)
FN:63,(anonymous_7)
FNF:8
FNH:8
FNDA:199,(anonymous_0)
FNDA:364,(anonymous_1)
FNDA:364,(anonymous_2)
FNDA:364,(anonymous_3)
FNDA:11,(anonymous_4)
FNDA:11,(anonymous_5)
FNDA:10,(anonymous_6)
FNDA:1,(anonymous_7)
DA:20,52
DA:22,52
DA:23,199
DA:24,199
DA:25,2
DA:27,196
DA:30,52
DA:31,364
DA:32,364
DA:33,364
DA:34,364
DA:36,364
DA:37,364
DA:38,11
DA:40,353
DA:42,364
DA:43,364
DA:47,364
DA:48,11
DA:49,11
DA:50,11
DA:51,11
DA:55,364
DA:56,10
DA:57,10
DA:58,10
DA:59,10
DA:63,364
DA:64,1
DA:65,1
DA:66,1
DA:67,1
DA:71,364
LF:33
LH:33
BRDA:24,0,0,2
BRDA:24,0,1,197
BRDA:37,1,0,11
BRDA:37,1,1,353
BRDA:57,2,0,10
BRDA:57,2,1,0
BRDA:65,3,0,1
BRDA:65,3,1,0
BRDA:74,4,0,364
BRDA:74,4,1,11
BRDA:74,4,2,11
BRDA:102,5,0,9
BRDA:102,5,1,2
BRDA:146,6,0,11
BRDA:146,6,1,10
BRDA:153,7,0,9
BRDA:153,7,1,2
BRDA:164,8,0,11
BRDA:164,8,1,1
BRF:19
BRH:17
end_of_record
TN:
SF:src\context\ToastContext.tsx
FN:23,(anonymous_0)
FN:31,(anonymous_1)
FN:34,(anonymous_2)
FN:36,(anonymous_3)
FN:39,(anonymous_4)
FN:40,(anonymous_5)
FN:40,(anonymous_6)
FN:44,(anonymous_7)
FN:45,(anonymous_8)
FN:46,(anonymous_9)
FN:47,(anonymous_10)
FN:49,(anonymous_11)
FN:50,(anonymous_12)
FN:50,(anonymous_13)
FN:70,(anonymous_14)
FN:71,(anonymous_15)
FN:78,(anonymous_16)
FN:81,(anonymous_17)
FN:83,(anonymous_18)
FN:88,(anonymous_19)
FN:97,(anonymous_20)
FN:106,(anonymous_21)
FN:155,(anonymous_22)
FN:156,(anonymous_23)
FNF:24
FNH:22
FNDA:482,(anonymous_0)
FNDA:377,(anonymous_1)
FNDA:30,(anonymous_2)
FNDA:30,(anonymous_3)
FNDA:7,(anonymous_4)
FNDA:7,(anonymous_5)
FNDA:14,(anonymous_6)
FNDA:22,(anonymous_7)
FNDA:4,(anonymous_8)
FNDA:1,(anonymous_9)
FNDA:1,(anonymous_10)
FNDA:1,(anonymous_11)
FNDA:1,(anonymous_12)
FNDA:1,(anonymous_13)
FNDA:39,(anonymous_14)
FNDA:1,(anonymous_15)
FNDA:52,(anonymous_16)
FNDA:30,(anonymous_17)
FNDA:29,(anonymous_18)
FNDA:52,(anonymous_19)
FNDA:52,(anonymous_20)
FNDA:156,(anonymous_21)
FNDA:0,(anonymous_22)
FNDA:0,(anonymous_23)
DA:21,53
DA:23,53
DA:24,482
DA:25,482
DA:26,2
DA:28,479
DA:31,53
DA:32,377
DA:34,377
DA:35,30
DA:36,30
DA:39,30
DA:40,14
DA:44,377
DA:45,377
DA:46,377
DA:47,377
DA:49,377
DA:50,1
DA:53,377
DA:71,39
DA:78,53
DA:79,52
DA:81,52
DA:83,30
DA:84,29
DA:88,52
DA:89,52
DA:90,38
DA:91,8
DA:92,5
DA:93,1
DA:97,52
DA:98,52
DA:99,38
DA:100,8
DA:101,5
DA:102,1
DA:106,52
DA:107,156
DA:108,114
DA:109,24
DA:110,15
DA:111,3
DA:115,52
DA:155,0
DA:156,0
LF:47
LH:45
BRDA:25,0,0,2
BRDA:25,0,1,480
BRDA:89,1,0,38
BRDA:89,1,1,8
BRDA:89,1,2,5
BRDA:89,1,3,1
BRDA:98,2,0,38
BRDA:98,2,1,8
BRDA:98,2,2,5
BRDA:98,2,3,1
BRDA:107,3,0,114
BRDA:107,3,1,24
BRDA:107,3,2,15
BRDA:107,3,3,3
BRDA:129,4,0,15
BRDA:129,4,1,37
BRDA:130,5,0,15
BRDA:130,5,1,37
BRF:18
BRH:18
end_of_record
TN:
SF:src\hooks\useLanguage.ts
FN:4,(anonymous_0)
FN:7,useLanguage
FN:12,(anonymous_2)
FN:19,(anonymous_3)
FN:32,(anonymous_4)
FNF:5
FNH:5
FNDA:154,(anonymous_0)
FNDA:152,useLanguage
FNDA:70,(anonymous_2)
FNDA:2,(anonymous_3)
FNDA:1,(anonymous_4)
DA:4,6
DA:5,154
DA:8,152
DA:10,152
DA:12,152
DA:13,70
DA:14,70
DA:18,152
DA:20,2
DA:22,2
DA:23,2
DA:25,2
DA:26,2
DA:32,152
DA:33,1
DA:34,1
DA:37,152
LF:17
LH:17
BRDA:5,0,0,3
BRDA:5,0,1,151
BRDA:10,1,0,152
BRDA:10,1,1,1
BRDA:13,2,0,70
BRDA:13,2,1,0
BRDA:25,3,0,2
BRDA:25,3,1,0
BRDA:33,4,0,1
BRDA:33,4,1,0
BRF:10
BRH:7
end_of_record
TN:
SF:src\i18n\index.ts
FNF:0
FNH:0
DA:33,58
LF:1
LH:1
BRF:0
BRH:0
end_of_record
TN:
SF:src\layout\ConvocatoriasSidebar.tsx
FN:8,ConvocatoriasSidebar
FN:15,(anonymous_1)
FN:21,(anonymous_2)
FN:22,(anonymous_3)
FN:23,(anonymous_4)
FN:43,(anonymous_5)
FN:44,(anonymous_6)
FN:53,(anonymous_7)
FN:72,(anonymous_8)
FN:95,(anonymous_9)
FNF:10
FNH:6
FNDA:15,ConvocatoriasSidebar
FNDA:3,(anonymous_1)
FNDA:3,(anonymous_2)
FNDA:0,(anonymous_3)
FNDA:3,(anonymous_4)
FNDA:1,(anonymous_5)
FNDA:0,(anonymous_6)
FNDA:0,(anonymous_7)
FNDA:2,(anonymous_8)
FNDA:0,(anonymous_9)
DA:9,15
DA:10,15
DA:11,15
DA:12,15
DA:13,15
DA:15,15
DA:16,3
DA:17,3
DA:18,3
DA:19,3
DA:21,3
DA:23,3
DA:27,15
DA:29,14
DA:43,1
DA:44,0
DA:53,0
DA:73,2
DA:95,0
LF:19
LH:16
BRDA:17,0,0,3
BRDA:17,0,1,0
BRDA:17,1,0,3
BRDA:17,1,1,3
BRDA:21,2,0,3
BRDA:21,2,1,0
BRDA:27,3,0,1
BRDA:27,3,1,14
BRDA:42,4,0,14
BRDA:42,4,1,9
BRDA:61,5,0,6
BRDA:61,5,1,3
BRDA:65,6,0,1
BRDA:65,6,1,2
BRF:14
BRH:12
end_of_record
TN:
SF:src\layout\MainLayout.tsx
FN:4,(anonymous_0)
FNF:1
FNH:1
FNDA:3,(anonymous_0)
DA:4,1
DA:5,3
LF:2
LH:2
BRF:0
BRH:0
end_of_record
TN:
SF:src\layout\Sidebar.tsx
FN:43,(anonymous_0)
FN:188,(anonymous_1)
FN:198,(anonymous_2)
FN:219,(anonymous_3)
FN:240,(anonymous_4)
FN:250,(anonymous_5)
FN:260,(anonymous_6)
FN:304,(anonymous_7)
FN:310,(anonymous_8)
FN:311,(anonymous_9)
FN:334,(anonymous_10)
FN:381,(anonymous_11)
FN:383,(anonymous_12)
FN:393,(anonymous_13)
FN:423,(anonymous_14)
FN:426,(anonymous_15)
FN:461,(anonymous_16)
FNF:17
FNH:15
FNDA:17,(anonymous_0)
FNDA:17,(anonymous_1)
FNDA:163,(anonymous_2)
FNDA:17,(anonymous_3)
FNDA:17,(anonymous_4)
FNDA:17,(anonymous_5)
FNDA:1,(anonymous_6)
FNDA:68,(anonymous_7)
FNDA:67,(anonymous_8)
FNDA:352,(anonymous_9)
FNDA:163,(anonymous_10)
FNDA:1,(anonymous_11)
FNDA:0,(anonymous_12)
FNDA:3,(anonymous_13)
FNDA:2,(anonymous_14)
FNDA:0,(anonymous_15)
FNDA:1,(anonymous_16)
DA:43,17
DA:188,1
DA:189,17
DA:190,17
DA:191,17
DA:192,17
DA:193,17
DA:194,17
DA:196,17
DA:198,17
DA:199,163
DA:200,2
DA:203,161
DA:204,1
DA:207,160
DA:208,0
DA:211,160
DA:212,2
DA:215,158
DA:219,17
DA:220,17
DA:222,15
DA:224,0
DA:226,1
DA:228,0
DA:230,0
DA:232,0
DA:234,0
DA:236,1
DA:240,17
DA:241,17
DA:243,16
DA:244,17
DA:245,17
DA:247,17
DA:250,17
DA:251,17
DA:253,16
DA:254,16
DA:257,0
DA:260,17
DA:261,1
DA:262,1
DA:265,17
DA:305,68
DA:306,16
DA:308,52
DA:311,67
DA:312,352
DA:313,224
DA:315,128
DA:318,67
DA:319,16
DA:322,51
DA:335,163
DA:337,163
DA:382,1
DA:383,1
DA:393,3
DA:424,2
DA:426,0
DA:461,1
LF:62
LH:54
BRDA:188,0,0,17
BRDA:199,1,0,2
BRDA:199,1,1,161
BRDA:200,2,0,2
BRDA:200,2,1,2
BRDA:203,3,0,1
BRDA:203,3,1,160
BRDA:204,4,0,1
BRDA:204,4,1,1
BRDA:207,5,0,0
BRDA:207,5,1,160
BRDA:211,6,0,2
BRDA:211,6,1,158
BRDA:220,7,0,15
BRDA:220,7,1,0
BRDA:220,7,2,1
BRDA:220,7,3,0
BRDA:220,7,4,0
BRDA:220,7,5,0
BRDA:220,7,6,0
BRDA:220,7,7,1
BRDA:241,8,0,1
BRDA:241,8,1,16
BRDA:243,9,0,16
BRDA:243,9,1,0
BRDA:244,10,0,17
BRDA:244,10,1,0
BRDA:247,11,0,17
BRDA:247,11,1,0
BRDA:251,12,0,1
BRDA:251,12,1,16
BRDA:253,13,0,16
BRDA:253,13,1,0
BRDA:254,14,0,16
BRDA:254,14,1,0
BRDA:257,15,0,0
BRDA:257,15,1,0
BRDA:267,16,0,17
BRDA:267,16,1,2
BRDA:275,17,0,2
BRDA:275,17,1,15
BRDA:305,18,0,16
BRDA:305,18,1,52
BRDA:305,19,0,68
BRDA:305,19,1,17
BRDA:312,20,0,224
BRDA:312,20,1,128
BRDA:312,21,0,352
BRDA:312,21,1,238
BRDA:318,22,0,16
BRDA:318,22,1,51
BRDA:342,23,0,17
BRDA:342,23,1,146
BRDA:356,24,0,17
BRDA:356,24,1,1
BRDA:418,25,0,17
BRDA:418,25,1,3
BRDA:424,26,0,0
BRDA:424,26,1,2
BRF:59
BRH:45
end_of_record
TN:
SF:src\modules\convocatorias\components\ConvocatoriaCard.tsx
FN:22,ConvocatoriaCard
FN:176,(anonymous_1)
FNF:2
FNH:2
FNDA:3,ConvocatoriaCard
FNDA:2,(anonymous_1)
DA:23,3
DA:24,3
DA:29,3
DA:176,2
LF:4
LH:4
BRDA:121,0,0,3
BRDA:121,0,1,0
BRDA:171,1,0,2
BRDA:171,1,1,1
BRF:4
BRH:3
end_of_record
TN:
SF:src\modules\convocatorias\components\ConvocatoriaSelect.tsx
FN:12,ConvocatoriaSelect
FN:18,(anonymous_1)
FN:29,(anonymous_2)
FNF:3
FNH:3
FNDA:9,ConvocatoriaSelect
FNDA:9,(anonymous_1)
FNDA:9,(anonymous_2)
DA:13,9
DA:19,9
DA:30,9
LF:3
LH:3
BRDA:35,0,0,9
BRDA:35,0,1,0
BRF:2
BRH:1
end_of_record
TN:
SF:src\modules\convocatorias\components\ConvocatoriasEmpty.tsx
FN:4,ConvocatoriasEmpty
FNF:1
FNH:1
FNDA:2,ConvocatoriasEmpty
DA:5,2
LF:1
LH:1
BRF:0
BRH:0
end_of_record
TN:
SF:src\modules\convocatorias\components\ConvocatoriasSkeleton.tsx
FN:3,ConvocatoriasSkeleton
FN:6,(anonymous_1)
FNF:2
FNH:2
FNDA:2,ConvocatoriasSkeleton
FNDA:7,(anonymous_1)
DA:4,2
DA:7,7
LF:2
LH:2
BRDA:3,0,0,2
BRF:1
BRH:1
end_of_record
TN:
SF:src\modules\convocatorias\components\EligibilityGate.tsx
FN:12,EligibilityGate
FNF:1
FNH:1
FNDA:17,EligibilityGate
DA:13,17
DA:14,17
DA:15,17
DA:17,17
DA:19,17
DA:20,3
DA:30,14
DA:31,17
DA:32,17
DA:33,17
DA:35,17
DA:36,3
DA:78,11
LF:13
LH:13
BRDA:17,0,0,17
BRDA:17,0,1,15
BRDA:19,1,0,3
BRDA:19,1,1,14
BRDA:30,2,0,14
BRDA:30,2,1,0
BRDA:31,3,0,17
BRDA:31,3,1,0
BRDA:32,4,0,17
BRDA:32,4,1,0
BRDA:33,5,0,17
BRDA:33,5,1,1
BRDA:35,6,0,3
BRDA:35,6,1,14
BRDA:35,7,0,17
BRDA:35,7,1,12
BRDA:35,7,2,11
BRDA:58,8,0,3
BRDA:58,8,1,0
BRDA:63,9,0,3
BRDA:63,9,1,2
BRDA:68,10,0,3
BRDA:68,10,1,2
BRF:23
BRH:19
end_of_record
TN:
SF:src\modules\convocatorias\components\EligibilityWarning.tsx
FN:9,EligibilityWarning
FNF:1
FNH:1
FNDA:7,EligibilityWarning
DA:10,7
DA:12,3
LF:2
LH:2
BRDA:10,0,0,4
BRDA:10,0,1,3
BRDA:10,1,0,7
BRDA:10,1,1,5
BRDA:16,2,0,3
BRDA:16,2,1,2
BRDA:21,3,0,7
BRDA:21,3,1,2
BRF:8
BRH:8
end_of_record
TN:
SF:src\modules\convocatorias\components\FileUploadSection.tsx
FN:20,validateFileExtension
FN:22,(anonymous_1)
FN:25,formatFileSize
FN:31,FileUploadSection
FN:39,(anonymous_4)
FN:55,(anonymous_5)
FN:60,(anonymous_6)
FN:65,(anonymous_7)
FN:72,(anonymous_8)
FN:77,(anonymous_9)
FN:93,(anonymous_10)
FN:107,(anonymous_11)
FN:166,(anonymous_12)
FNF:13
FNH:9
FNDA:8,validateFileExtension
FNDA:12,(anonymous_1)
FNDA:7,formatFileSize
FNDA:24,FileUploadSection
FNDA:8,(anonymous_4)
FNDA:0,(anonymous_5)
FNDA:0,(anonymous_6)
FNDA:0,(anonymous_7)
FNDA:8,(anonymous_8)
FNDA:2,(anonymous_9)
FNDA:1,(anonymous_10)
FNDA:0,(anonymous_11)
FNDA:1,(anonymous_12)
DA:12,3
DA:13,3
DA:21,8
DA:22,12
DA:26,7
DA:27,1
DA:28,1
DA:32,24
DA:33,24
DA:34,24
DA:35,24
DA:36,24
DA:37,24
DA:39,24
DA:40,8
DA:42,8
DA:43,1
DA:44,1
DA:46,7
DA:47,1
DA:48,1
DA:51,6
DA:52,6
DA:55,24
DA:56,0
DA:57,0
DA:60,24
DA:61,0
DA:62,0
DA:65,24
DA:66,0
DA:67,0
DA:68,0
DA:69,0
DA:72,24
DA:73,8
DA:74,8
DA:77,24
DA:78,2
DA:79,2
DA:80,2
DA:81,2
DA:82,2
DA:83,1
DA:84,1
DA:85,1
DA:87,1
DA:89,2
DA:93,24
DA:94,1
DA:95,1
DA:96,1
DA:99,24
DA:101,24
DA:107,0
DA:166,1
LF:56
LH:47
BRDA:26,0,0,6
BRDA:26,0,1,1
BRDA:27,1,0,0
BRDA:27,1,1,1
BRDA:42,2,0,1
BRDA:42,2,1,7
BRDA:46,3,0,1
BRDA:46,3,1,6
BRDA:69,4,0,0
BRDA:69,4,1,0
BRDA:74,5,0,8
BRDA:74,5,1,0
BRDA:78,6,0,0
BRDA:78,6,1,2
BRDA:87,7,0,1
BRDA:87,7,1,0
BRDA:99,8,0,24
BRDA:99,8,1,22
BRDA:107,9,0,0
BRDA:107,9,1,0
BRDA:110,10,0,0
BRDA:110,10,1,24
BRDA:110,11,0,3
BRDA:110,11,1,21
BRDA:114,12,0,0
BRDA:114,12,1,24
BRDA:115,13,0,2
BRDA:115,13,1,22
BRDA:117,14,0,2
BRDA:117,14,1,22
BRDA:118,15,0,2
BRDA:118,15,1,22
BRDA:121,16,0,0
BRDA:121,16,1,24
BRDA:123,17,0,0
BRDA:123,17,1,24
BRDA:138,18,0,24
BRDA:138,18,1,3
BRDA:144,19,0,24
BRDA:144,19,1,2
BRDA:153,20,0,24
BRDA:153,20,1,9
BRDA:153,20,2,8
BRDA:153,20,3,6
BRDA:173,21,0,24
BRDA:173,21,1,3
BRDA:173,21,2,3
BRDA:173,21,3,3
BRDA:179,22,0,3
BRDA:179,22,1,2
BRF:50
BRH:38
end_of_record
TN:
SF:src\modules\convocatorias\components\ProposalMembersSection.tsx
FN:55,ProposalMembersSection
FN:66,(anonymous_1)
FN:73,(anonymous_2)
FN:73,(anonymous_3)
FN:74,(anonymous_4)
FN:75,(anonymous_5)
FN:78,(anonymous_6)
FN:79,(anonymous_7)
FN:79,(anonymous_8)
FN:83,(anonymous_9)
FN:84,(anonymous_10)
FN:88,(anonymous_11)
FN:93,(anonymous_12)
FN:96,(anonymous_13)
FN:117,(anonymous_14)
FN:118,(anonymous_15)
FN:127,(anonymous_16)
FN:131,(anonymous_17)
FN:132,(anonymous_18)
FN:166,(anonymous_19)
FN:179,(anonymous_20)
FN:188,(anonymous_21)
FN:190,(anonymous_22)
FN:212,(anonymous_23)
FN:230,(anonymous_24)
FN:232,(anonymous_25)
FN:239,(anonymous_26)
FN:259,(anonymous_27)
FN:260,(anonymous_28)
FN:262,(anonymous_29)
FN:267,(anonymous_30)
FN:270,(anonymous_31)
FN:282,(anonymous_32)
FN:305,(anonymous_33)
FN:307,(anonymous_34)
FNF:35
FNH:20
FNDA:21,ProposalMembersSection
FNDA:8,(anonymous_1)
FNDA:7,(anonymous_2)
FNDA:4,(anonymous_3)
FNDA:0,(anonymous_4)
FNDA:7,(anonymous_5)
FNDA:14,(anonymous_6)
FNDA:3,(anonymous_7)
FNDA:0,(anonymous_8)
FNDA:14,(anonymous_9)
FNDA:3,(anonymous_10)
FNDA:0,(anonymous_11)
FNDA:0,(anonymous_12)
FNDA:0,(anonymous_13)
FNDA:1,(anonymous_14)
FNDA:1,(anonymous_15)
FNDA:1,(anonymous_16)
FNDA:1,(anonymous_17)
FNDA:1,(anonymous_18)
FNDA:0,(anonymous_19)
FNDA:0,(anonymous_20)
FNDA:0,(anonymous_21)
FNDA:0,(anonymous_22)
FNDA:8,(anonymous_23)
FNDA:1,(anonymous_24)
FNDA:32,(anonymous_25)
FNDA:1,(anonymous_26)
FNDA:0,(anonymous_27)
FNDA:0,(anonymous_28)
FNDA:0,(anonymous_29)
FNDA:0,(anonymous_30)
FNDA:0,(anonymous_31)
FNDA:4,(anonymous_32)
FNDA:0,(anonymous_33)
FNDA:8,(anonymous_34)
DA:48,3
DA:56,21
DA:57,21
DA:58,21
DA:59,21
DA:60,21
DA:61,21
DA:62,21
DA:63,21
DA:64,21
DA:66,21
DA:67,8
DA:68,1
DA:69,1
DA:71,7
DA:72,7
DA:73,7
DA:74,0
DA:75,7
DA:78,21
DA:79,14
DA:83,21
DA:84,14
DA:88,21
DA:89,0
DA:90,0
DA:91,0
DA:93,0
DA:94,0
DA:96,0
DA:97,0
DA:98,0
DA:101,0
DA:111,0
DA:112,0
DA:113,0
DA:114,0
DA:117,21
DA:118,1
DA:119,1
DA:120,1
DA:126,1
DA:127,1
DA:131,21
DA:132,1
DA:135,21
DA:136,2
DA:143,19
DA:167,0
DA:179,0
DA:188,0
DA:191,0
DA:213,8
DA:230,1
DA:233,32
DA:239,1
DA:259,0
DA:260,0
DA:263,0
DA:264,0
DA:267,0
DA:271,0
DA:283,4
DA:305,0
DA:308,8
LF:65
LH:40
BRDA:67,0,0,1
BRDA:67,0,1,7
BRDA:84,1,0,14
BRDA:84,1,1,14
BRDA:89,2,0,0
BRDA:89,2,1,0
BRDA:94,3,0,0
BRDA:94,3,1,0
BRDA:96,4,0,0
BRDA:96,4,1,0
BRDA:119,5,0,1
BRDA:119,5,1,0
BRDA:126,6,0,1
BRDA:126,6,1,0
BRDA:132,7,0,1
BRDA:132,7,1,0
BRDA:135,8,0,2
BRDA:135,8,1,19
BRDA:150,9,0,19
BRDA:150,9,1,8
BRDA:163,10,0,21
BRDA:163,10,1,8
BRDA:164,11,0,0
BRDA:164,11,1,8
BRDA:251,12,0,21
BRDA:251,12,1,8
BRDA:253,13,0,2
BRDA:253,13,1,17
BRDA:263,14,0,0
BRDA:263,14,1,0
BRDA:298,15,0,0
BRDA:298,15,1,2
BRDA:300,16,0,0
BRDA:300,16,1,2
BRDA:317,17,0,0
BRDA:317,17,1,2
BRDA:323,18,0,17
BRDA:323,18,1,9
BRDA:323,18,2,5
BRDA:330,19,0,21
BRDA:330,19,1,17
BRDA:330,19,2,8
BRDA:336,20,0,21
BRDA:336,20,1,0
BRF:44
BRH:28
end_of_record
TN:
SF:src\modules\convocatorias\hooks\useConvocatorias.ts
FN:4,useConvocatorias
FNF:1
FNH:1
FNDA:2,useConvocatorias
DA:5,2
LF:1
LH:1
BRF:0
BRH:0
end_of_record
TN:
SF:src\modules\convocatorias\hooks\useEligibility.ts
FN:4,useEligibility
FNF:1
FNH:1
FNDA:2,useEligibility
DA:5,2
LF:1
LH:1
BRF:0
BRH:0
end_of_record
TN:
SF:src\modules\convocatorias\pages\ConvocatoriasDashboard.tsx
FN:22,ConvocatoriasDashboard
FN:30,(anonymous_1)
FN:40,(anonymous_2)
FN:57,(anonymous_3)
FNF:4
FNH:4
FNDA:5,ConvocatoriasDashboard
FNDA:1,(anonymous_1)
FNDA:4,(anonymous_2)
FNDA:1,(anonymous_3)
DA:23,5
DA:24,5
DA:25,5
DA:27,5
DA:28,5
DA:30,5
DA:31,1
DA:34,5
DA:36,4
DA:40,5
DA:41,4
DA:42,1
DA:44,3
DA:45,1
DA:52,2
DA:53,1
DA:55,1
DA:58,1
DA:70,5
LF:19
LH:19
BRDA:34,0,0,1
BRDA:34,0,1,4
BRDA:34,1,0,5
BRDA:34,1,1,4
BRDA:36,2,0,3
BRDA:36,2,1,1
BRDA:37,3,0,3
BRDA:37,3,1,1
BRDA:38,4,0,1
BRDA:38,4,1,0
BRDA:41,5,0,1
BRDA:41,5,1,3
BRDA:44,6,0,1
BRDA:44,6,1,2
BRDA:52,7,0,1
BRDA:52,7,1,1
BRDA:52,8,0,2
BRDA:52,8,1,2
BRDA:83,9,0,5
BRDA:83,9,1,3
BRDA:85,10,0,3
BRDA:85,10,1,0
BRDA:86,11,0,3
BRDA:86,11,1,2
BRF:24
BRH:22
end_of_record
TN:
SF:src\modules\convocatorias\pages\NewProposalForm.tsx
FN:48,buildSummary
FN:56,(anonymous_1)
FN:71,parseSummary
FN:113,(anonymous_3)
FN:132,EmptyField
FN:159,ProposalReviewStep
FN:269,(anonymous_6)
FN:273,(anonymous_7)
FN:277,(anonymous_8)
FN:279,(anonymous_9)
FN:604,(anonymous_10)
FN:748,NewProposalForm
FN:756,NewProposalFormInner
FN:805,(anonymous_13)
FN:806,(anonymous_14)
FN:813,(anonymous_15)
FN:814,(anonymous_16)
FN:834,(anonymous_17)
FN:841,(anonymous_18)
FN:848,(anonymous_19)
FN:853,(anonymous_20)
FN:854,(anonymous_21)
FN:860,(anonymous_22)
FN:863,(anonymous_23)
FN:868,(anonymous_24)
FN:906,(anonymous_25)
FN:923,(anonymous_26)
FN:926,(anonymous_27)
FN:936,(anonymous_28)
FN:959,(anonymous_29)
FN:962,(anonymous_30)
FN:966,(anonymous_31)
FN:967,(anonymous_32)
FN:970,(anonymous_33)
FN:990,(anonymous_34)
FN:1001,(anonymous_35)
FN:1024,(anonymous_36)
FN:1073,(anonymous_37)
FN:1106,(anonymous_38)
FN:1128,(anonymous_39)
FN:1144,(anonymous_40)
FN:1176,(anonymous_41)
FN:1181,(anonymous_42)
FN:1198,(anonymous_43)
FN:1215,(anonymous_44)
FN:1220,(anonymous_45)
FN:1233,(anonymous_46)
FN:1250,(anonymous_47)
FN:1279,(anonymous_48)
FN:1298,(anonymous_49)
FN:1317,(anonymous_50)
FN:1336,(anonymous_51)
FN:1355,(anonymous_52)
FN:1377,(anonymous_53)
FN:1379,(anonymous_54)
FN:1402,(anonymous_55)
FN:1422,(anonymous_56)
FN:1429,(anonymous_57)
FN:1477,(anonymous_58)
FNF:59
FNH:21
FNDA:0,buildSummary
FNDA:0,(anonymous_1)
FNDA:0,parseSummary
FNDA:0,(anonymous_3)
FNDA:0,EmptyField
FNDA:0,ProposalReviewStep
FNDA:0,(anonymous_6)
FNDA:0,(anonymous_7)
FNDA:0,(anonymous_8)
FNDA:0,(anonymous_9)
FNDA:0,(anonymous_10)
FNDA:9,NewProposalForm
FNDA:27,NewProposalFormInner
FNDA:27,(anonymous_13)
FNDA:0,(anonymous_14)
FNDA:9,(anonymous_15)
FNDA:9,(anonymous_16)
FNDA:9,(anonymous_17)
FNDA:0,(anonymous_18)
FNDA:0,(anonymous_19)
FNDA:9,(anonymous_20)
FNDA:0,(anonymous_21)
FNDA:9,(anonymous_22)
FNDA:27,(anonymous_23)
FNDA:0,(anonymous_24)
FNDA:0,(anonymous_25)
FNDA:0,(anonymous_26)
FNDA:27,(anonymous_27)
FNDA:1,(anonymous_28)
FNDA:1,(anonymous_29)
FNDA:0,(anonymous_30)
FNDA:0,(anonymous_31)
FNDA:0,(anonymous_32)
FNDA:0,(anonymous_33)
FNDA:0,(anonymous_34)
FNDA:0,(anonymous_35)
FNDA:0,(anonymous_36)
FNDA:9,(anonymous_37)
FNDA:0,(anonymous_38)
FNDA:0,(anonymous_39)
FNDA:45,(anonymous_40)
FNDA:9,(anonymous_41)
FNDA:18,(anonymous_42)
FNDA:9,(anonymous_43)
FNDA:9,(anonymous_44)
FNDA:36,(anonymous_45)
FNDA:9,(anonymous_46)
FNDA:9,(anonymous_47)
FNDA:0,(anonymous_48)
FNDA:0,(anonymous_49)
FNDA:0,(anonymous_50)
FNDA:0,(anonymous_51)
FNDA:0,(anonymous_52)
FNDA:0,(anonymous_53)
FNDA:0,(anonymous_54)
FNDA:0,(anonymous_55)
FNDA:0,(anonymous_56)
FNDA:0,(anonymous_57)
FNDA:0,(anonymous_58)
DA:46,2
DA:49,0
DA:50,0
DA:51,0
DA:52,0
DA:53,0
DA:54,0
DA:55,0
DA:56,0
DA:57,0
DA:59,0
DA:72,0
DA:81,0
DA:83,0
DA:84,0
DA:85,0
DA:86,0
DA:89,0
DA:90,0
DA:92,0
DA:93,0
DA:94,0
DA:95,0
DA:96,0
DA:97,0
DA:98,0
DA:99,0
DA:100,0
DA:102,0
DA:103,0
DA:106,0
DA:107,0
DA:108,0
DA:109,0
DA:110,0
DA:112,0
DA:113,0
DA:115,0
DA:119,0
DA:122,2
DA:133,0
DA:169,0
DA:269,0
DA:273,0
DA:277,0
DA:280,0
DA:605,0
DA:749,9
DA:757,27
DA:758,27
DA:759,27
DA:760,27
DA:761,27
DA:762,27
DA:763,27
DA:764,27
DA:766,27
DA:768,27
DA:769,27
DA:770,27
DA:771,27
DA:772,27
DA:773,27
DA:774,27
DA:775,27
DA:777,27
DA:778,27
DA:779,27
DA:780,27
DA:782,27
DA:802,27
DA:803,27
DA:805,27
DA:806,27
DA:807,0
DA:808,27
DA:809,9
DA:813,27
DA:814,9
DA:815,9
DA:816,9
DA:820,8
DA:821,9
DA:822,9
DA:824,0
DA:826,8
DA:829,9
DA:832,27
DA:834,27
DA:835,9
DA:836,9
DA:837,9
DA:840,0
DA:842,0
DA:843,0
DA:844,0
DA:845,0
DA:849,0
DA:853,27
DA:854,9
DA:855,0
DA:856,0
DA:859,9
DA:860,9
DA:863,27
DA:864,27
DA:866,0
DA:868,0
DA:869,0
DA:870,0
DA:871,0
DA:872,0
DA:874,0
DA:875,0
DA:877,0
DA:878,0
DA:879,0
DA:880,0
DA:881,0
DA:882,0
DA:883,0
DA:884,0
DA:885,0
DA:886,0
DA:887,0
DA:889,0
DA:890,0
DA:892,0
DA:893,0
DA:895,0
DA:896,0
DA:899,0
DA:900,0
DA:901,0
DA:904,0
DA:905,0
DA:906,0
DA:916,0
DA:918,0
DA:922,0
DA:923,0
DA:926,27
DA:927,27
DA:928,27
DA:929,27
DA:930,27
DA:931,27
DA:934,27
DA:936,27
DA:937,1
DA:939,1
DA:941,0
DA:943,0
DA:944,0
DA:945,0
DA:947,0
DA:949,0
DA:950,0
DA:951,0
DA:953,0
DA:955,0
DA:959,27
DA:960,1
DA:961,1
DA:962,0
DA:966,27
DA:967,0
DA:970,27
DA:971,0
DA:972,0
DA:973,0
DA:974,0
DA:975,0
DA:976,0
DA:977,0
DA:978,0
DA:990,0
DA:993,0
DA:995,0
DA:997,0
DA:1001,27
DA:1002,0
DA:1008,0
DA:1010,0
DA:1011,0
DA:1012,0
DA:1024,0
DA:1027,0
DA:1028,0
DA:1030,0
DA:1032,0
DA:1036,27
DA:1038,27
DA:1039,0
DA:1062,27
DA:1063,18
DA:1073,9
DA:1074,9
DA:1075,0
DA:1082,9
DA:1083,0
DA:1090,9
DA:1093,9
DA:1107,0
DA:1108,0
DA:1109,0
DA:1115,0
DA:1129,0
DA:1145,45
DA:1177,9
DA:1182,18
DA:1199,9
DA:1216,9
DA:1221,36
DA:1234,9
DA:1251,9
DA:1280,0
DA:1299,0
DA:1318,0
DA:1337,0
DA:1356,0
DA:1377,0
DA:1380,0
DA:1403,0
DA:1423,0
DA:1424,0
DA:1426,0
DA:1430,0
DA:1477,0
LF:229
LH:84
BRDA:50,0,0,0
BRDA:50,0,1,0
BRDA:50,1,0,0
BRDA:50,1,1,0
BRDA:51,2,0,0
BRDA:51,2,1,0
BRDA:52,3,0,0
BRDA:52,3,1,0
BRDA:53,4,0,0
BRDA:53,4,1,0
BRDA:54,5,0,0
BRDA:54,5,1,0
BRDA:55,6,0,0
BRDA:55,6,1,0
BRDA:56,7,0,0
BRDA:56,7,1,0
BRDA:81,8,0,0
BRDA:81,8,1,0
BRDA:85,9,0,0
BRDA:85,9,1,0
BRDA:86,10,0,0
BRDA:86,10,1,0
BRDA:96,11,0,0
BRDA:96,11,1,0
BRDA:97,12,0,0
BRDA:97,12,1,0
BRDA:98,13,0,0
BRDA:98,13,1,0
BRDA:99,14,0,0
BRDA:99,14,1,0
BRDA:100,15,0,0
BRDA:100,15,1,0
BRDA:109,16,0,0
BRDA:109,16,1,0
BRDA:112,17,0,0
BRDA:112,17,1,0
BRDA:113,18,0,0
BRDA:113,18,1,0
BRDA:285,19,0,0
BRDA:285,19,1,0
BRDA:340,20,0,0
BRDA:340,20,1,0
BRDA:367,21,0,0
BRDA:367,21,1,0
BRDA:381,22,0,0
BRDA:381,22,1,0
BRDA:392,23,0,0
BRDA:392,23,1,0
BRDA:426,24,0,0
BRDA:426,24,1,0
BRDA:450,25,0,0
BRDA:450,25,1,0
BRDA:515,26,0,0
BRDA:515,26,1,0
BRDA:530,27,0,0
BRDA:530,27,1,0
BRDA:542,28,0,0
BRDA:542,28,1,0
BRDA:556,29,0,0
BRDA:556,29,1,0
BRDA:602,30,0,0
BRDA:602,30,1,0
BRDA:681,31,0,0
BRDA:681,31,1,0
BRDA:681,32,0,0
BRDA:681,32,1,0
BRDA:706,33,0,0
BRDA:706,33,1,0
BRDA:766,34,0,27
BRDA:784,35,0,27
BRDA:784,35,1,27
BRDA:806,36,0,0
BRDA:806,36,1,27
BRDA:806,37,0,27
BRDA:806,37,1,0
BRDA:808,38,0,9
BRDA:808,38,1,18
BRDA:808,39,0,27
BRDA:808,39,1,27
BRDA:820,40,0,8
BRDA:820,40,1,0
BRDA:821,41,0,9
BRDA:821,41,1,0
BRDA:822,42,0,9
BRDA:822,42,1,0
BRDA:835,43,0,9
BRDA:835,43,1,0
BRDA:842,44,0,0
BRDA:842,44,1,0
BRDA:842,45,0,0
BRDA:842,45,1,0
BRDA:855,46,0,0
BRDA:855,46,1,0
BRDA:855,47,0,0
BRDA:855,47,1,0
BRDA:855,47,2,0
BRDA:864,48,0,27
BRDA:864,48,1,0
BRDA:864,49,0,27
BRDA:864,49,1,0
BRDA:864,49,2,0
BRDA:872,50,0,0
BRDA:872,50,1,0
BRDA:874,51,0,0
BRDA:874,51,1,0
BRDA:875,52,0,0
BRDA:875,52,1,0
BRDA:877,53,0,0
BRDA:877,53,1,0
BRDA:877,53,2,0
BRDA:878,54,0,0
BRDA:878,54,1,0
BRDA:879,55,0,0
BRDA:879,55,1,0
BRDA:880,56,0,0
BRDA:880,56,1,0
BRDA:881,57,0,0
BRDA:881,57,1,0
BRDA:882,58,0,0
BRDA:882,58,1,0
BRDA:883,59,0,0
BRDA:883,59,1,0
BRDA:884,60,0,0
BRDA:884,60,1,0
BRDA:885,61,0,0
BRDA:885,61,1,0
BRDA:886,62,0,0
BRDA:886,62,1,0
BRDA:887,63,0,0
BRDA:887,63,1,0
BRDA:889,64,0,0
BRDA:889,64,1,0
BRDA:892,65,0,0
BRDA:892,65,1,0
BRDA:895,66,0,0
BRDA:895,66,1,0
BRDA:899,67,0,0
BRDA:899,67,1,0
BRDA:901,68,0,0
BRDA:901,68,1,0
BRDA:904,69,0,0
BRDA:904,69,1,0
BRDA:904,70,0,0
BRDA:904,70,1,0
BRDA:909,71,0,0
BRDA:909,71,1,0
BRDA:910,72,0,0
BRDA:910,72,1,0
BRDA:911,73,0,0
BRDA:911,73,1,0
BRDA:929,74,0,27
BRDA:929,74,1,0
BRDA:930,75,0,27
BRDA:930,75,1,0
BRDA:931,76,0,27
BRDA:931,76,1,27
BRDA:931,76,2,27
BRDA:934,77,0,27
BRDA:934,77,1,27
BRDA:937,78,0,1
BRDA:937,78,1,0
BRDA:937,78,2,0
BRDA:937,78,3,0
BRDA:937,78,4,0
BRDA:943,79,0,0
BRDA:943,79,1,0
BRDA:949,80,0,0
BRDA:949,80,1,0
BRDA:961,81,0,0
BRDA:961,81,1,1
BRDA:974,82,0,0
BRDA:974,82,1,0
BRDA:975,83,0,0
BRDA:975,83,1,0
BRDA:976,84,0,0
BRDA:976,84,1,0
BRDA:979,85,0,0
BRDA:979,85,1,0
BRDA:981,86,0,0
BRDA:981,86,1,0
BRDA:982,87,0,0
BRDA:982,87,1,0
BRDA:984,88,0,0
BRDA:984,88,1,0
BRDA:985,89,0,0
BRDA:985,89,1,0
BRDA:986,90,0,0
BRDA:986,90,1,0
BRDA:987,91,0,0
BRDA:987,91,1,0
BRDA:988,92,0,0
BRDA:988,92,1,0
BRDA:989,93,0,0
BRDA:989,93,1,0
BRDA:990,94,0,0
BRDA:990,94,1,0
BRDA:995,95,0,0
BRDA:995,95,1,0
BRDA:1008,96,0,0
BRDA:1008,96,1,0
BRDA:1022,97,0,0
BRDA:1022,97,1,0
BRDA:1023,98,0,0
BRDA:1023,98,1,0
BRDA:1030,99,0,0
BRDA:1030,99,1,0
BRDA:1038,100,0,0
BRDA:1038,100,1,27
BRDA:1044,101,0,0
BRDA:1044,101,1,0
BRDA:1062,102,0,18
BRDA:1062,102,1,9
BRDA:1062,103,0,27
BRDA:1062,103,1,9
BRDA:1062,103,2,9
BRDA:1067,104,0,0
BRDA:1067,104,1,18
BRDA:1074,105,0,0
BRDA:1074,105,1,9
BRDA:1082,106,0,0
BRDA:1082,106,1,9
BRDA:1095,107,0,0
BRDA:1095,107,1,9
BRDA:1095,108,0,0
BRDA:1095,108,1,9
BRDA:1097,109,0,0
BRDA:1097,109,1,9
BRDA:1098,110,0,0
BRDA:1098,110,1,9
BRDA:1101,111,0,0
BRDA:1101,111,1,9
BRDA:1107,112,0,0
BRDA:1107,112,1,0
BRDA:1107,113,0,0
BRDA:1107,113,1,0
BRDA:1107,113,2,0
BRDA:1115,114,0,0
BRDA:1115,114,1,0
BRDA:1122,115,0,0
BRDA:1122,115,1,9
BRDA:1135,116,0,0
BRDA:1135,116,1,0
BRDA:1154,117,0,27
BRDA:1154,117,1,9
BRDA:1185,118,0,9
BRDA:1185,118,1,1
BRDA:1224,119,0,9
BRDA:1224,119,1,1
BRDA:1241,120,0,9
BRDA:1241,120,1,1
BRDA:1267,121,0,27
BRDA:1267,121,1,0
BRDA:1377,122,0,0
BRDA:1377,122,1,0
BRDA:1423,123,0,0
BRDA:1423,123,1,0
BRDA:1423,124,0,0
BRDA:1423,124,1,0
BRDA:1449,125,0,27
BRDA:1449,125,1,0
BRDA:1467,126,0,27
BRDA:1467,126,1,0
BRDA:1484,127,0,27
BRDA:1484,127,1,0
BRDA:1500,128,0,27
BRDA:1500,128,1,0
BRDA:1505,129,0,0
BRDA:1505,129,1,0
BRDA:1513,130,0,0
BRDA:1513,130,1,9
BRDA:1515,131,0,27
BRDA:1515,131,1,9
BRDA:1523,132,0,9
BRDA:1523,132,1,0
BRDA:1528,133,0,9
BRDA:1528,133,1,9
BRDA:1538,134,0,0
BRDA:1538,134,1,0
BRDA:1539,135,0,0
BRDA:1539,135,1,0
BRDA:1542,136,0,0
BRDA:1542,136,1,0
BRF:282
BRH:58
end_of_record
TN:
SF:src\modules\convocatorias\routes\convocatorias.routes.tsx
FNF:0
FNH:0
DA:6,1
LF:1
LH:1
BRF:0
BRH:0
end_of_record
TN:
SF:src\modules\convocatorias\services\convocatoria.service.ts
FN:4,normalizeStatus
FN:13,normalizeConvocatoria
FN:29,(anonymous_2)
FN:34,(anonymous_3)
FNF:4
FNH:4
FNDA:8,normalizeStatus
FNDA:9,normalizeConvocatoria
FNDA:2,(anonymous_2)
FNDA:1,(anonymous_3)
DA:5,8
DA:6,7
DA:7,7
DA:8,5
DA:9,3
DA:10,1
DA:14,9
DA:15,8
DA:28,2
DA:30,2
DA:31,2
DA:35,1
LF:12
LH:12
BRDA:5,0,0,1
BRDA:5,0,1,7
BRDA:7,1,0,2
BRDA:7,1,1,5
BRDA:7,2,0,7
BRDA:7,2,1,6
BRDA:8,3,0,2
BRDA:8,3,1,3
BRDA:8,4,0,5
BRDA:8,4,1,4
BRDA:9,5,0,2
BRDA:9,5,1,1
BRDA:9,6,0,3
BRDA:9,6,1,2
BRDA:14,7,0,1
BRDA:14,7,1,8
BRDA:16,8,0,1
BRDA:16,8,1,7
BRDA:17,9,0,9
BRDA:17,9,1,7
BRDA:17,9,2,4
BRDA:18,10,0,9
BRDA:18,10,1,7
BRDA:18,10,2,6
BRDA:19,11,0,9
BRDA:19,11,1,7
BRDA:19,11,2,6
BRDA:20,12,0,9
BRDA:20,12,1,7
BRDA:20,12,2,6
BRDA:21,13,0,9
BRDA:21,13,1,7
BRDA:22,14,0,9
BRDA:22,14,1,8
BRDA:22,14,2,7
BRDA:23,15,0,9
BRDA:23,15,1,7
BRDA:31,16,0,1
BRDA:31,16,1,1
BRF:39
BRH:39
end_of_record
TN:
SF:src\modules\convocatorias\types\convocatoria.types.ts
FNF:0
FNH:0
LF:0
LH:0
BRF:0
BRH:0
end_of_record
TN:
SF:src\modules\convocatorias\validators\proposal.schema.ts
FNF:0
FNH:0
DA:1,2
DA:19,2
LF:2
LH:2
BRF:0
BRH:0
end_of_record
TN:
SF:src\pages\ContactoPage.tsx
FN:12,(anonymous_0)
FN:27,(anonymous_1)
FN:38,(anonymous_2)
FN:44,(anonymous_3)
FN:57,(anonymous_4)
FN:62,(anonymous_5)
FN:70,(anonymous_6)
FN:79,(anonymous_7)
FN:86,(anonymous_8)
FN:93,(anonymous_9)
FN:105,(anonymous_10)
FN:114,(anonymous_11)
FN:121,(anonymous_12)
FN:128,(anonymous_13)
FN:140,(anonymous_14)
FN:149,(anonymous_15)
FN:156,(anonymous_16)
FN:167,(anonymous_17)
FN:179,(anonymous_18)
FN:220,(anonymous_19)
FN:229,(anonymous_20)
FN:243,(anonymous_21)
FN:259,(anonymous_22)
FN:303,(anonymous_23)
FN:312,(anonymous_24)
FN:331,(anonymous_25)
FN:361,(anonymous_26)
FN:362,(anonymous_27)
FNF:28
FNH:8
FNDA:7,(anonymous_0)
FNDA:1,(anonymous_1)
FNDA:1,(anonymous_2)
FNDA:7,(anonymous_3)
FNDA:1,(anonymous_4)
FNDA:0,(anonymous_5)
FNDA:0,(anonymous_6)
FNDA:0,(anonymous_7)
FNDA:0,(anonymous_8)
FNDA:0,(anonymous_9)
FNDA:0,(anonymous_10)
FNDA:0,(anonymous_11)
FNDA:0,(anonymous_12)
FNDA:0,(anonymous_13)
FNDA:0,(anonymous_14)
FNDA:0,(anonymous_15)
FNDA:0,(anonymous_16)
FNDA:0,(anonymous_17)
FNDA:0,(anonymous_18)
FNDA:1,(anonymous_19)
FNDA:0,(anonymous_20)
FNDA:0,(anonymous_21)
FNDA:1,(anonymous_22)
FNDA:0,(anonymous_23)
FNDA:1,(anonymous_24)
FNDA:0,(anonymous_25)
FNDA:0,(anonymous_26)
FNDA:0,(anonymous_27)
DA:12,1
DA:13,7
DA:14,7
DA:15,7
DA:16,7
DA:17,7
DA:18,7
DA:20,7
DA:27,7
DA:28,1
DA:29,1
DA:30,1
DA:38,7
DA:39,1
DA:40,1
DA:44,7
DA:45,7
DA:46,7
DA:47,0
DA:49,7
DA:52,7
DA:57,1
DA:62,0
DA:70,0
DA:79,0
DA:86,0
DA:93,0
DA:105,0
DA:114,0
DA:121,0
DA:128,0
DA:140,0
DA:149,0
DA:156,0
DA:167,0
DA:179,0
DA:220,1
DA:229,0
DA:243,0
DA:259,1
DA:303,0
DA:312,1
DA:332,0
DA:361,0
DA:362,0
LF:45
LH:24
BRDA:46,0,0,0
BRDA:46,0,1,7
BRDA:199,1,0,7
BRDA:199,1,1,6
BRDA:272,2,0,7
BRDA:272,2,1,1
BRDA:304,3,0,6
BRDA:304,3,1,1
BRDA:313,4,0,1
BRDA:313,4,1,6
BRF:10
BRH:9
end_of_record
TN:
SF:src\pages\NovedadesPage.tsx
FN:16,(anonymous_0)
FN:25,(anonymous_1)
FN:31,(anonymous_2)
FN:40,(anonymous_3)
FN:43,(anonymous_4)
FN:45,(anonymous_5)
FN:52,(anonymous_6)
FN:53,(anonymous_7)
FN:61,(anonymous_8)
FN:66,(anonymous_9)
FN:74,(anonymous_10)
FN:83,(anonymous_11)
FN:90,(anonymous_12)
FN:97,(anonymous_13)
FN:109,(anonymous_14)
FN:118,(anonymous_15)
FN:125,(anonymous_16)
FN:132,(anonymous_17)
FN:144,(anonymous_18)
FN:153,(anonymous_19)
FN:160,(anonymous_20)
FN:171,(anonymous_21)
FN:183,(anonymous_22)
FN:234,(anonymous_23)
FN:286,(anonymous_24)
FN:378,(anonymous_25)
FN:397,(anonymous_26)
FN:406,(anonymous_27)
FN:415,(anonymous_28)
FN:434,(anonymous_29)
FN:464,(anonymous_30)
FN:465,(anonymous_31)
FNF:32
FNH:29
FNDA:24,(anonymous_0)
FNDA:6,(anonymous_1)
FNDA:22,(anonymous_2)
FNDA:8,(anonymous_3)
FNDA:7,(anonymous_4)
FNDA:6,(anonymous_5)
FNDA:1,(anonymous_6)
FNDA:8,(anonymous_7)
FNDA:1,(anonymous_8)
FNDA:1,(anonymous_9)
FNDA:1,(anonymous_10)
FNDA:1,(anonymous_11)
FNDA:1,(anonymous_12)
FNDA:1,(anonymous_13)
FNDA:1,(anonymous_14)
FNDA:1,(anonymous_15)
FNDA:1,(anonymous_16)
FNDA:1,(anonymous_17)
FNDA:0,(anonymous_18)
FNDA:1,(anonymous_19)
FNDA:1,(anonymous_20)
FNDA:0,(anonymous_21)
FNDA:0,(anonymous_22)
FNDA:14,(anonymous_23)
FNDA:1,(anonymous_24)
FNDA:1,(anonymous_25)
FNDA:1,(anonymous_26)
FNDA:1,(anonymous_27)
FNDA:1,(anonymous_28)
FNDA:1,(anonymous_29)
FNDA:1,(anonymous_30)
FNDA:1,(anonymous_31)
DA:16,1
DA:17,24
DA:18,24
DA:19,24
DA:20,24
DA:21,24
DA:22,24
DA:23,24
DA:25,24
DA:26,6
DA:27,6
DA:31,24
DA:32,22
DA:33,22
DA:34,2
DA:36,22
DA:40,24
DA:41,8
DA:42,8
DA:45,7
DA:46,6
DA:47,6
DA:48,1
DA:50,7
DA:52,1
DA:53,8
DA:56,24
DA:61,1
DA:66,1
DA:74,1
DA:83,1
DA:90,1
DA:97,1
DA:109,1
DA:118,1
DA:125,1
DA:132,1
DA:144,0
DA:153,1
DA:160,1
DA:171,0
DA:183,0
DA:235,14
DA:236,14
DA:286,1
DA:378,1
DA:397,1
DA:406,1
DA:415,1
DA:435,1
DA:464,1
DA:465,1
LF:52
LH:49
BRDA:33,0,0,2
BRDA:33,0,1,20
BRDA:46,1,0,0
BRDA:46,1,1,6
BRDA:46,2,0,6
BRDA:46,2,1,1
BRDA:47,3,0,5
BRDA:47,3,1,1
BRDA:47,4,0,6
BRDA:47,4,1,5
BRDA:203,5,0,24
BRDA:203,5,1,18
BRDA:209,6,0,10
BRDA:209,6,1,8
BRDA:226,7,0,1
BRDA:226,7,1,7
BRDA:273,8,0,10
BRDA:273,8,1,4
BRDA:275,9,0,10
BRDA:275,9,1,4
BRDA:280,10,0,10
BRDA:280,10,1,4
BRDA:280,11,0,4
BRDA:280,11,1,0
BRDA:286,12,0,1
BRDA:286,12,1,1
BRDA:293,13,0,10
BRDA:293,13,1,4
BRDA:294,14,0,10
BRDA:294,14,1,4
BRDA:295,15,0,10
BRDA:295,15,1,4
BRDA:298,16,0,10
BRDA:298,16,1,4
BRDA:310,17,0,24
BRDA:310,17,1,4
BRDA:346,18,0,24
BRDA:346,18,1,2
BRDA:398,19,0,18
BRDA:398,19,1,6
BRDA:407,20,0,4
BRDA:407,20,1,20
BRDA:416,21,0,2
BRDA:416,21,1,22
BRF:44
BRH:42
end_of_record
TN:
SF:src\pages\PrivacyPolicyPage.tsx
FN:9,(anonymous_0)
FN:14,(anonymous_1)
FN:19,(anonymous_2)
FN:21,(anonymous_3)
FN:25,(anonymous_4)
FN:29,(anonymous_5)
FN:95,(anonymous_6)
FN:103,(anonymous_7)
FN:113,(anonymous_8)
FN:118,(anonymous_9)
FN:123,(anonymous_10)
FN:128,(anonymous_11)
FN:133,(anonymous_12)
FN:138,(anonymous_13)
FN:153,(anonymous_14)
FN:168,(anonymous_15)
FN:172,(anonymous_16)
FNF:17
FNH:17
FNDA:12,(anonymous_0)
FNDA:16,(anonymous_1)
FNDA:6,(anonymous_2)
FNDA:14,(anonymous_3)
FNDA:6,(anonymous_4)
FNDA:6,(anonymous_5)
FNDA:8,(anonymous_6)
FNDA:1,(anonymous_7)
FNDA:1,(anonymous_8)
FNDA:1,(anonymous_9)
FNDA:1,(anonymous_10)
FNDA:1,(anonymous_11)
FNDA:1,(anonymous_12)
FNDA:1,(anonymous_13)
FNDA:56,(anonymous_14)
FNDA:1,(anonymous_15)
FNDA:1,(anonymous_16)
DA:9,1
DA:10,12
DA:11,12
DA:14,1
DA:15,16
DA:16,16
DA:17,16
DA:19,16
DA:21,16
DA:22,14
DA:25,16
DA:26,6
DA:29,16
DA:30,6
DA:93,16
DA:95,16
DA:96,8
DA:97,8
DA:100,16
DA:103,1
DA:113,1
DA:118,1
DA:123,1
DA:128,1
DA:133,1
DA:138,1
DA:154,56
DA:168,1
DA:172,1
LF:29
LH:29
BRDA:11,0,0,2
BRDA:11,0,1,10
BRDA:97,1,0,2
BRDA:97,1,1,6
BRDA:113,2,0,5
BRDA:113,2,1,11
BRDA:118,3,0,7
BRDA:118,3,1,9
BRDA:123,4,0,1
BRDA:123,4,1,15
BRDA:128,5,0,1
BRDA:128,5,1,15
BRDA:133,6,0,1
BRDA:133,6,1,15
BRDA:138,7,0,1
BRDA:138,7,1,15
BRDA:150,8,0,16
BRDA:150,8,1,7
BRDA:150,8,2,7
BRF:19
BRH:19
end_of_record
TN:
SF:src\pages\SobreSgiPage.tsx
FN:10,(anonymous_0)
FN:17,(anonymous_1)
FN:23,(anonymous_2)
FN:128,(anonymous_3)
FN:136,(anonymous_4)
FN:145,(anonymous_5)
FN:152,(anonymous_6)
FN:159,(anonymous_7)
FN:171,(anonymous_8)
FN:180,(anonymous_9)
FN:187,(anonymous_10)
FN:194,(anonymous_11)
FN:206,(anonymous_12)
FN:215,(anonymous_13)
FN:222,(anonymous_14)
FN:233,(anonymous_15)
FN:245,(anonymous_16)
FN:308,(anonymous_17)
FN:321,(anonymous_18)
FN:340,(anonymous_19)
FN:370,(anonymous_20)
FN:379,(anonymous_21)
FN:388,(anonymous_22)
FN:407,(anonymous_23)
FN:476,(anonymous_24)
FN:481,(anonymous_25)
FN:486,(anonymous_26)
FNF:27
FNH:25
FNDA:15,(anonymous_0)
FNDA:6,(anonymous_1)
FNDA:14,(anonymous_2)
FNDA:1,(anonymous_3)
FNDA:1,(anonymous_4)
FNDA:1,(anonymous_5)
FNDA:1,(anonymous_6)
FNDA:1,(anonymous_7)
FNDA:0,(anonymous_8)
FNDA:0,(anonymous_9)
FNDA:1,(anonymous_10)
FNDA:1,(anonymous_11)
FNDA:1,(anonymous_12)
FNDA:1,(anonymous_13)
FNDA:1,(anonymous_14)
FNDA:1,(anonymous_15)
FNDA:1,(anonymous_16)
FNDA:18,(anonymous_17)
FNDA:72,(anonymous_18)
FNDA:28,(anonymous_19)
FNDA:1,(anonymous_20)
FNDA:2,(anonymous_21)
FNDA:1,(anonymous_22)
FNDA:1,(anonymous_23)
FNDA:1,(anonymous_24)
FNDA:1,(anonymous_25)
FNDA:1,(anonymous_26)
DA:10,1
DA:11,15
DA:12,15
DA:13,15
DA:14,15
DA:15,15
DA:17,15
DA:18,6
DA:19,6
DA:23,15
DA:24,14
DA:25,14
DA:26,2
DA:28,14
DA:32,15
DA:66,15
DA:118,15
DA:128,1
DA:136,1
DA:145,1
DA:152,1
DA:159,1
DA:171,0
DA:180,0
DA:187,1
DA:194,1
DA:206,1
DA:215,1
DA:222,1
DA:233,1
DA:245,1
DA:309,18
DA:322,72
DA:341,28
DA:370,1
DA:379,2
DA:388,1
DA:408,1
DA:476,1
DA:481,1
DA:486,1
LF:41
LH:39
BRDA:25,0,0,2
BRDA:25,0,1,12
BRDA:263,1,0,15
BRDA:263,1,1,8
BRDA:264,2,0,15
BRDA:264,2,1,3
BRDA:265,3,0,15
BRDA:265,3,1,4
BRDA:275,4,0,15
BRDA:275,4,1,8
BRDA:301,5,0,15
BRDA:301,5,1,3
BRDA:333,6,0,15
BRDA:333,6,1,4
BRDA:371,7,0,8
BRDA:371,7,1,7
BRDA:380,8,0,3
BRDA:380,8,1,12
BRDA:389,9,0,4
BRDA:389,9,1,11
BRF:20
BRH:20
end_of_record
TN:
SF:src\pages\WelcomePage.tsx
FN:32,(anonymous_0)
FN:43,(anonymous_1)
FN:47,(anonymous_2)
FN:50,(anonymous_3)
FN:55,(anonymous_4)
FN:58,(anonymous_5)
FN:67,(anonymous_6)
FN:76,(anonymous_7)
FN:81,(anonymous_8)
FN:85,(anonymous_9)
FN:128,(anonymous_10)
FN:129,(anonymous_11)
FN:130,(anonymous_12)
FN:132,(anonymous_13)
FN:153,(anonymous_14)
FN:192,(anonymous_15)
FN:202,(anonymous_16)
FN:204,(anonymous_17)
FN:215,(anonymous_18)
FN:220,(anonymous_19)
FN:222,(anonymous_20)
FN:229,(anonymous_21)
FN:235,(anonymous_22)
FN:238,(anonymous_23)
FN:245,(anonymous_24)
FN:275,(anonymous_25)
FN:281,(anonymous_26)
FN:285,(anonymous_27)
FN:294,(anonymous_28)
FN:296,(anonymous_29)
FN:301,(anonymous_30)
FN:318,(anonymous_31)
FN:328,(anonymous_32)
FN:337,(anonymous_33)
FN:344,(anonymous_34)
FN:351,(anonymous_35)
FN:363,(anonymous_36)
FN:372,(anonymous_37)
FN:379,(anonymous_38)
FN:386,(anonymous_39)
FN:398,(anonymous_40)
FN:407,(anonymous_41)
FN:414,(anonymous_42)
FN:425,(anonymous_43)
FN:437,(anonymous_44)
FN:458,(anonymous_45)
FN:493,(anonymous_46)
FN:587,(anonymous_47)
FN:620,(anonymous_48)
FN:641,(anonymous_49)
FN:679,(anonymous_50)
FN:679,(anonymous_51)
FN:689,(anonymous_52)
FN:689,(anonymous_53)
FN:701,(anonymous_54)
FN:745,(anonymous_55)
FN:767,(anonymous_56)
FN:789,(anonymous_57)
FN:808,(anonymous_58)
FN:903,(anonymous_59)
FNF:60
FNH:42
FNDA:21,(anonymous_0)
FNDA:0,(anonymous_1)
FNDA:9,(anonymous_2)
FNDA:1,(anonymous_3)
FNDA:0,(anonymous_4)
FNDA:2,(anonymous_5)
FNDA:0,(anonymous_6)
FNDA:21,(anonymous_7)
FNDA:0,(anonymous_8)
FNDA:2,(anonymous_9)
FNDA:9,(anonymous_10)
FNDA:1,(anonymous_11)
FNDA:1,(anonymous_12)
FNDA:9,(anonymous_13)
FNDA:9,(anonymous_14)
FNDA:9,(anonymous_15)
FNDA:9,(anonymous_16)
FNDA:9,(anonymous_17)
FNDA:0,(anonymous_18)
FNDA:9,(anonymous_19)
FNDA:18,(anonymous_20)
FNDA:0,(anonymous_21)
FNDA:92,(anonymous_22)
FNDA:92,(anonymous_23)
FNDA:460,(anonymous_24)
FNDA:9,(anonymous_25)
FNDA:17,(anonymous_26)
FNDA:1,(anonymous_27)
FNDA:1,(anonymous_28)
FNDA:0,(anonymous_29)
FNDA:17,(anonymous_30)
FNDA:0,(anonymous_31)
FNDA:1,(anonymous_32)
FNDA:0,(anonymous_33)
FNDA:0,(anonymous_34)
FNDA:0,(anonymous_35)
FNDA:0,(anonymous_36)
FNDA:0,(anonymous_37)
FNDA:0,(anonymous_38)
FNDA:0,(anonymous_39)
FNDA:0,(anonymous_40)
FNDA:0,(anonymous_41)
FNDA:0,(anonymous_42)
FNDA:1,(anonymous_43)
FNDA:1,(anonymous_44)
FNDA:42,(anonymous_45)
FNDA:1,(anonymous_46)
FNDA:126,(anonymous_47)
FNDA:92,(anonymous_48)
FNDA:1,(anonymous_49)
FNDA:1,(anonymous_50)
FNDA:1,(anonymous_51)
FNDA:1,(anonymous_52)
FNDA:1,(anonymous_53)
FNDA:1,(anonymous_54)
FNDA:1,(anonymous_55)
FNDA:1,(anonymous_56)
FNDA:1,(anonymous_57)
FNDA:1,(anonymous_58)
FNDA:1,(anonymous_59)
DA:32,1
DA:33,21
DA:34,21
DA:35,21
DA:36,21
DA:37,21
DA:38,21
DA:39,21
DA:40,21
DA:41,21
DA:43,21
DA:44,0
DA:47,21
DA:48,9
DA:49,1
DA:51,1
DA:52,1
DA:55,0
DA:58,21
DA:59,2
DA:60,2
DA:61,1
DA:62,1
DA:63,1
DA:67,21
DA:68,0
DA:69,0
DA:70,0
DA:72,0
DA:76,21
DA:77,21
DA:78,2
DA:79,2
DA:80,0
DA:81,0
DA:82,0
DA:84,2
DA:85,2
DA:86,2
DA:89,2
DA:95,21
DA:126,21
DA:128,21
DA:129,9
DA:130,1
DA:132,9
DA:135,21
DA:143,21
DA:153,21
DA:192,21
DA:202,21
DA:203,9
DA:205,9
DA:206,9
DA:216,0
DA:219,9
DA:221,9
DA:222,18
DA:226,9
DA:230,0
DA:235,92
DA:238,21
DA:239,92
DA:240,92
DA:241,92
DA:243,92
DA:246,460
DA:247,460
DA:248,460
DA:249,268
DA:250,192
DA:251,71
DA:253,460
DA:254,460
DA:275,21
DA:276,9
DA:277,1
DA:281,21
DA:282,17
DA:283,17
DA:285,17
DA:287,1
DA:288,1
DA:289,0
DA:292,1
DA:293,1
DA:294,1
DA:296,0
DA:300,17
DA:301,17
DA:302,17
DA:306,21
DA:318,0
DA:328,1
DA:337,0
DA:344,0
DA:351,0
DA:363,0
DA:372,0
DA:379,0
DA:386,0
DA:398,0
DA:407,0
DA:414,0
DA:425,1
DA:437,1
DA:459,42
DA:493,1
DA:588,126
DA:621,92
DA:622,92
DA:625,92
DA:626,92
DA:628,92
DA:629,92
DA:632,92
DA:633,92
DA:634,92
DA:635,92
DA:637,92
DA:641,1
DA:679,1
DA:689,1
DA:701,1
DA:745,1
DA:767,1
DA:789,1
DA:809,1
DA:903,1
LF:129
LH:105
BRDA:43,0,0,0
BRDA:44,1,0,0
BRDA:44,1,1,0
BRDA:48,2,0,8
BRDA:48,2,1,1
BRDA:51,3,0,1
BRDA:51,3,1,0
BRDA:51,4,0,1
BRDA:51,4,1,1
BRDA:60,5,0,1
BRDA:60,5,1,1
BRDA:69,6,0,0
BRDA:69,6,1,0
BRDA:77,7,0,2
BRDA:77,7,1,19
BRDA:79,8,0,0
BRDA:79,8,1,2
BRDA:84,9,0,2
BRDA:84,9,1,0
BRDA:205,10,0,9
BRDA:205,10,1,0
BRDA:207,11,0,9
BRDA:207,11,1,0
BRDA:208,12,0,9
BRDA:208,12,1,0
BRDA:209,13,0,9
BRDA:209,13,1,0
BRDA:210,14,0,9
BRDA:210,14,1,0
BRDA:211,15,0,9
BRDA:211,15,1,0
BRDA:221,16,0,9
BRDA:221,16,1,0
BRDA:221,17,0,9
BRDA:221,17,1,9
BRDA:221,17,2,9
BRDA:224,18,0,18
BRDA:224,18,1,0
BRDA:235,19,0,21
BRDA:235,19,1,0
BRDA:235,20,0,92
BRDA:235,20,1,0
BRDA:240,21,0,92
BRDA:240,21,1,0
BRDA:248,22,0,268
BRDA:248,22,1,192
BRDA:250,23,0,71
BRDA:250,23,1,121
BRDA:259,24,0,100
BRDA:259,24,1,360
BRDA:265,25,0,100
BRDA:265,25,1,360
BRDA:276,26,0,1
BRDA:276,26,1,8
BRDA:283,27,0,0
BRDA:283,27,1,17
BRDA:288,28,0,0
BRDA:288,28,1,1
BRDA:293,29,0,1
BRDA:293,29,1,0
BRDA:319,30,0,21
BRDA:319,30,1,0
BRDA:329,31,0,0
BRDA:329,31,1,21
BRDA:471,32,0,21
BRDA:471,32,1,21
BRDA:473,33,0,21
BRDA:473,33,1,21
BRDA:625,34,0,0
BRDA:625,34,1,92
BRDA:626,35,0,17
BRDA:626,35,1,75
BRDA:633,36,0,20
BRDA:633,36,1,72
BRDA:635,37,0,20
BRDA:635,37,1,72
BRDA:640,38,0,20
BRDA:640,38,1,72
BRDA:650,39,0,92
BRDA:650,39,1,0
BRDA:657,40,0,92
BRDA:657,40,1,0
BRDA:663,41,0,92
BRDA:663,41,1,0
BRDA:733,42,0,0
BRDA:733,42,1,21
BRDA:735,43,0,0
BRDA:735,43,1,21
BRDA:736,44,0,0
BRDA:736,44,1,0
BRDA:741,45,0,0
BRDA:741,45,1,21
BRF:92
BRH:59
end_of_record
TN:
SF:src\pages\admin\DocumentRepository.tsx
FN:30,getFileIcon
FN:37,formatFileSize
FN:44,(anonymous_2)
FN:60,(anonymous_3)
FN:74,(anonymous_4)
FN:88,(anonymous_5)
FN:92,(anonymous_6)
FN:124,(anonymous_7)
FN:138,(anonymous_8)
FN:138,(anonymous_9)
FN:146,(anonymous_10)
FN:199,(anonymous_11)
FN:234,(anonymous_12)
FN:247,(anonymous_13)
FN:277,(anonymous_14)
FN:306,(anonymous_15)
FN:329,(anonymous_16)
FN:336,(anonymous_17)
FN:345,(anonymous_18)
FN:380,(anonymous_19)
FN:383,(anonymous_20)
FN:407,(anonymous_21)
FN:437,(anonymous_22)
FNF:23
FNH:21
FNDA:32,getFileIcon
FNDA:32,formatFileSize
FNDA:24,(anonymous_2)
FNDA:33,(anonymous_3)
FNDA:8,(anonymous_4)
FNDA:7,(anonymous_5)
FNDA:2,(anonymous_6)
FNDA:1,(anonymous_7)
FNDA:1,(anonymous_8)
FNDA:2,(anonymous_9)
FNDA:2,(anonymous_10)
FNDA:0,(anonymous_11)
FNDA:33,(anonymous_12)
FNDA:33,(anonymous_13)
FNDA:1,(anonymous_14)
FNDA:32,(anonymous_15)
FNDA:2,(anonymous_16)
FNDA:1,(anonymous_17)
FNDA:1,(anonymous_18)
FNDA:0,(anonymous_19)
FNDA:2,(anonymous_20)
FNDA:1,(anonymous_21)
FNDA:1,(anonymous_22)
DA:31,32
DA:32,17
DA:33,17
DA:34,0
DA:38,32
DA:39,32
DA:40,32
DA:41,17
DA:44,1
DA:45,24
DA:46,24
DA:47,24
DA:48,24
DA:49,24
DA:50,24
DA:51,24
DA:52,24
DA:53,24
DA:54,24
DA:56,24
DA:57,24
DA:58,24
DA:60,24
DA:61,33
DA:62,33
DA:68,24
DA:69,24
DA:74,24
DA:75,8
DA:76,8
DA:77,8
DA:78,8
DA:79,8
DA:81,0
DA:82,0
DA:84,8
DA:88,24
DA:89,7
DA:92,24
DA:93,2
DA:94,2
DA:96,2
DA:101,2
DA:102,1
DA:103,1
DA:106,1
DA:107,0
DA:108,0
DA:111,1
DA:112,1
DA:113,1
DA:114,1
DA:115,1
DA:117,0
DA:119,1
DA:120,1
DA:124,24
DA:125,1
DA:132,1
DA:134,1
DA:135,1
DA:136,1
DA:137,1
DA:138,2
DA:140,0
DA:142,1
DA:146,24
DA:147,2
DA:150,24
DA:199,0
DA:234,33
DA:247,33
DA:277,1
DA:307,32
DA:329,2
DA:337,1
DA:345,1
DA:380,0
DA:383,2
DA:407,1
DA:438,1
LF:81
LH:72
BRDA:31,0,0,15
BRDA:31,0,1,17
BRDA:32,1,0,17
BRDA:32,1,1,0
BRDA:32,2,0,17
BRDA:32,2,1,0
BRDA:38,3,0,0
BRDA:38,3,1,32
BRDA:39,4,0,0
BRDA:39,4,1,32
BRDA:40,5,0,15
BRDA:40,5,1,17
BRDA:63,6,0,33
BRDA:63,6,1,1
BRDA:63,6,2,1
BRDA:94,7,0,0
BRDA:94,7,1,2
BRDA:101,8,0,1
BRDA:101,8,1,1
BRDA:106,9,0,0
BRDA:106,9,1,1
BRDA:117,10,0,0
BRDA:117,10,1,0
BRDA:120,11,0,1
BRDA:120,11,1,0
BRDA:132,12,0,0
BRDA:132,12,1,1
BRDA:202,13,0,1
BRDA:202,13,1,23
BRDA:247,14,0,33
BRDA:247,14,1,16
BRDA:256,15,0,24
BRDA:256,15,1,0
BRDA:292,16,0,7
BRDA:292,16,1,17
BRDA:298,17,0,0
BRDA:298,17,1,17
BRDA:315,18,0,15
BRDA:315,18,1,17
BRDA:316,19,0,15
BRDA:316,19,1,17
BRDA:318,20,0,17
BRDA:318,20,1,0
BRDA:318,21,0,17
BRDA:318,21,1,0
BRDA:320,22,0,0
BRDA:320,22,1,0
BRDA:367,23,0,24
BRDA:367,23,1,2
BRDA:414,24,0,1
BRDA:414,24,1,1
BRF:51
BRH:35
end_of_record
TN:
SF:src\pages\admin\EditResearchGroup.tsx
FN:10,(anonymous_0)
FN:24,(anonymous_1)
FN:27,(anonymous_2)
FN:31,(anonymous_3)
FN:37,(anonymous_4)
FN:39,(anonymous_5)
FN:42,(anonymous_6)
FN:70,(anonymous_7)
FN:128,(anonymous_8)
FNF:9
FNH:8
FNDA:14,(anonymous_0)
FNDA:4,(anonymous_1)
FNDA:4,(anonymous_2)
FNDA:0,(anonymous_3)
FNDA:2,(anonymous_4)
FNDA:2,(anonymous_5)
FNDA:2,(anonymous_6)
FNDA:1,(anonymous_7)
FNDA:1,(anonymous_8)
DA:10,1
DA:11,14
DA:12,14
DA:13,14
DA:14,14
DA:15,14
DA:16,14
DA:17,14
DA:19,14
DA:24,14
DA:25,4
DA:26,4
DA:28,4
DA:29,4
DA:32,0
DA:33,0
DA:37,14
DA:38,2
DA:39,2
DA:42,14
DA:43,2
DA:44,2
DA:45,2
DA:46,2
DA:47,2
DA:48,2
DA:49,1
DA:50,1
DA:52,1
DA:54,2
DA:58,14
DA:59,4
DA:66,10
DA:70,1
DA:128,1
LF:35
LH:33
BRDA:25,0,0,0
BRDA:25,0,1,4
BRDA:44,1,0,0
BRDA:44,1,1,2
BRDA:52,2,0,1
BRDA:52,2,1,0
BRDA:58,3,0,4
BRDA:58,3,1,10
BRDA:89,4,0,10
BRDA:89,4,1,1
BRDA:132,5,0,2
BRDA:132,5,1,8
BRF:12
BRH:9
end_of_record
TN:
SF:src\pages\admin\NewResearchGroup.tsx
FN:8,(anonymous_0)
FN:19,(anonymous_1)
FN:21,(anonymous_2)
FN:27,(anonymous_3)
FN:46,(anonymous_4)
FN:105,(anonymous_5)
FNF:6
FNH:6
FNDA:11,(anonymous_0)
FNDA:4,(anonymous_1)
FNDA:4,(anonymous_2)
FNDA:2,(anonymous_3)
FNDA:1,(anonymous_4)
FNDA:1,(anonymous_5)
DA:8,1
DA:9,11
DA:10,11
DA:11,11
DA:12,11
DA:14,11
DA:19,11
DA:20,4
DA:21,4
DA:27,11
DA:28,2
DA:29,2
DA:30,2
DA:32,2
DA:33,2
DA:34,1
DA:36,1
DA:38,2
DA:42,11
DA:46,1
DA:105,1
LF:21
LH:21
BRDA:36,0,0,1
BRDA:36,0,1,0
BRDA:65,1,0,11
BRDA:65,1,1,1
BRDA:115,2,0,2
BRDA:115,2,1,9
BRF:6
BRH:5
end_of_record
TN:
SF:src\pages\admin\NewResearchLine.tsx
FN:8,(anonymous_0)
FN:18,(anonymous_1)
FN:20,(anonymous_2)
FN:26,(anonymous_3)
FN:45,(anonymous_4)
FN:89,(anonymous_5)
FNF:6
FNH:6
FNDA:9,(anonymous_0)
FNDA:2,(anonymous_1)
FNDA:2,(anonymous_2)
FNDA:2,(anonymous_3)
FNDA:1,(anonymous_4)
FNDA:1,(anonymous_5)
DA:8,1
DA:9,9
DA:10,9
DA:11,9
DA:12,9
DA:14,9
DA:18,9
DA:19,2
DA:20,2
DA:26,9
DA:27,2
DA:28,2
DA:29,2
DA:31,2
DA:32,2
DA:33,1
DA:35,1
DA:37,2
DA:41,9
DA:45,1
DA:89,1
LF:21
LH:21
BRDA:22,0,0,0
BRDA:22,0,1,2
BRDA:35,1,0,1
BRDA:35,1,1,0
BRDA:64,2,0,9
BRDA:64,2,1,1
BRDA:99,3,0,2
BRDA:99,3,1,7
BRF:8
BRH:6
end_of_record
TN:
SF:src\pages\admin\ResearchGroupDetail.tsx
FN:39,formatDate
FN:62,(anonymous_1)
FN:91,(anonymous_2)
FN:132,(anonymous_3)
FN:136,(anonymous_4)
FN:150,(anonymous_5)
FN:165,(anonymous_6)
FN:182,(anonymous_7)
FN:197,(anonymous_8)
FN:214,(anonymous_9)
FN:232,(anonymous_10)
FN:255,(anonymous_11)
FN:260,(anonymous_12)
FN:260,(anonymous_13)
FN:261,(anonymous_14)
FN:261,(anonymous_15)
FN:270,(anonymous_16)
FN:290,(anonymous_17)
FN:302,(anonymous_18)
FN:314,(anonymous_19)
FN:325,(anonymous_20)
FN:376,(anonymous_21)
FN:378,(anonymous_22)
FN:379,(anonymous_23)
FN:382,(anonymous_24)
FN:416,(anonymous_25)
FN:418,(anonymous_26)
FN:419,(anonymous_27)
FN:423,(anonymous_28)
FN:424,(anonymous_29)
FN:464,(anonymous_30)
FN:467,(anonymous_31)
FN:468,(anonymous_32)
FN:500,(anonymous_33)
FN:533,(anonymous_34)
FN:536,(anonymous_35)
FN:537,(anonymous_36)
FN:540,(anonymous_37)
FN:574,(anonymous_38)
FN:576,(anonymous_39)
FN:577,(anonymous_40)
FN:589,(anonymous_41)
FNF:42
FNH:30
FNDA:32,formatDate
FNDA:35,(anonymous_1)
FNDA:10,(anonymous_2)
FNDA:5,(anonymous_3)
FNDA:1,(anonymous_4)
FNDA:1,(anonymous_5)
FNDA:1,(anonymous_6)
FNDA:1,(anonymous_7)
FNDA:1,(anonymous_8)
FNDA:1,(anonymous_9)
FNDA:7,(anonymous_10)
FNDA:0,(anonymous_11)
FNDA:25,(anonymous_12)
FNDA:25,(anonymous_13)
FNDA:50,(anonymous_14)
FNDA:50,(anonymous_15)
FNDA:1,(anonymous_16)
FNDA:25,(anonymous_17)
FNDA:0,(anonymous_18)
FNDA:75,(anonymous_19)
FNDA:2,(anonymous_20)
FNDA:1,(anonymous_21)
FNDA:0,(anonymous_22)
FNDA:0,(anonymous_23)
FNDA:11,(anonymous_24)
FNDA:1,(anonymous_25)
FNDA:0,(anonymous_26)
FNDA:0,(anonymous_27)
FNDA:7,(anonymous_28)
FNDA:7,(anonymous_29)
FNDA:7,(anonymous_30)
FNDA:0,(anonymous_31)
FNDA:0,(anonymous_32)
FNDA:1,(anonymous_33)
FNDA:1,(anonymous_34)
FNDA:0,(anonymous_35)
FNDA:0,(anonymous_36)
FNDA:7,(anonymous_37)
FNDA:7,(anonymous_38)
FNDA:0,(anonymous_39)
FNDA:0,(anonymous_40)
FNDA:1,(anonymous_41)
DA:40,32
DA:41,32
DA:42,32
DA:43,32
DA:48,1
DA:55,1
DA:62,1
DA:63,35
DA:64,35
DA:65,35
DA:66,35
DA:68,35
DA:69,35
DA:70,35
DA:71,35
DA:72,35
DA:73,35
DA:75,35
DA:76,35
DA:78,35
DA:79,35
DA:81,35
DA:82,35
DA:83,35
DA:84,35
DA:86,35
DA:87,35
DA:91,35
DA:92,10
DA:93,10
DA:94,10
DA:95,10
DA:96,10
DA:98,10
DA:105,10
DA:106,10
DA:107,10
DA:108,10
DA:110,10
DA:111,10
DA:114,10
DA:115,10
DA:119,10
DA:120,10
DA:122,0
DA:123,0
DA:126,0
DA:128,10
DA:132,35
DA:136,35
DA:137,1
DA:138,1
DA:139,1
DA:140,1
DA:141,1
DA:142,1
DA:144,0
DA:146,1
DA:150,35
DA:151,1
DA:152,1
DA:153,1
DA:154,1
DA:155,1
DA:156,1
DA:157,1
DA:159,0
DA:161,1
DA:165,35
DA:166,1
DA:172,1
DA:173,1
DA:174,1
DA:175,1
DA:176,1
DA:178,0
DA:182,35
DA:183,1
DA:184,1
DA:185,1
DA:186,1
DA:187,1
DA:188,1
DA:189,1
DA:191,0
DA:193,1
DA:197,35
DA:198,1
DA:204,1
DA:205,1
DA:206,1
DA:207,1
DA:208,1
DA:210,0
DA:214,35
DA:215,1
DA:216,1
DA:222,1
DA:223,1
DA:224,1
DA:225,1
DA:226,1
DA:228,0
DA:232,35
DA:233,7
DA:234,0
DA:235,0
DA:236,0
DA:241,35
DA:242,10
DA:249,25
DA:250,0
DA:255,0
DA:260,25
DA:261,50
DA:265,25
DA:270,1
DA:290,25
DA:302,0
DA:315,75
DA:320,75
DA:325,2
DA:376,1
DA:378,0
DA:379,0
DA:383,11
DA:416,1
DA:418,0
DA:419,0
DA:423,7
DA:425,7
DA:465,7
DA:467,0
DA:468,0
DA:500,1
DA:533,1
DA:536,0
DA:537,0
DA:541,7
DA:575,7
DA:576,0
DA:577,0
DA:589,1
LF:143
LH:118
BRDA:40,0,0,0
BRDA:40,0,1,32
BRDA:42,1,0,0
BRDA:42,1,1,32
BRDA:78,2,0,35
BRDA:78,2,1,35
BRDA:92,3,0,0
BRDA:92,3,1,10
BRDA:110,4,0,10
BRDA:110,4,1,0
BRDA:126,5,0,0
BRDA:126,5,1,0
BRDA:137,6,0,0
BRDA:137,6,1,1
BRDA:144,7,0,0
BRDA:144,7,1,0
BRDA:151,8,0,0
BRDA:151,8,1,1
BRDA:159,9,0,0
BRDA:159,9,1,0
BRDA:172,10,0,0
BRDA:172,10,1,1
BRDA:178,11,0,0
BRDA:178,11,1,0
BRDA:183,12,0,0
BRDA:183,12,1,1
BRDA:191,13,0,0
BRDA:191,13,1,0
BRDA:204,14,0,0
BRDA:204,14,1,1
BRDA:210,15,0,0
BRDA:210,15,1,0
BRDA:215,16,0,0
BRDA:215,16,1,1
BRDA:222,17,0,0
BRDA:222,17,1,1
BRDA:228,18,0,0
BRDA:228,18,1,0
BRDA:233,19,0,7
BRDA:233,19,1,0
BRDA:236,20,0,0
BRDA:236,20,1,0
BRDA:241,21,0,10
BRDA:241,21,1,25
BRDA:249,22,0,0
BRDA:249,22,1,25
BRDA:249,23,0,25
BRDA:249,23,1,25
BRDA:253,24,0,0
BRDA:253,24,1,0
BRDA:284,25,0,25
BRDA:284,25,1,0
BRDA:285,26,0,25
BRDA:285,26,1,0
BRDA:292,27,0,35
BRDA:292,27,1,25
BRDA:300,28,0,35
BRDA:300,28,1,25
BRDA:329,29,0,25
BRDA:329,29,1,50
BRDA:330,30,0,25
BRDA:330,30,1,50
BRDA:344,31,0,35
BRDA:344,31,1,11
BRDA:350,32,0,11
BRDA:350,32,1,0
BRDA:391,33,0,11
BRDA:391,33,1,11
BRDA:391,33,2,10
BRDA:404,34,0,35
BRDA:404,34,1,7
BRDA:434,35,0,7
BRDA:434,35,1,2
BRDA:445,36,0,0
BRDA:445,36,1,7
BRDA:487,37,0,7
BRDA:487,37,1,0
BRDA:488,38,0,7
BRDA:488,38,1,0
BRDA:495,39,0,7
BRDA:495,39,1,7
BRDA:523,40,0,35
BRDA:523,40,1,7
BRDA:539,41,0,0
BRDA:539,41,1,7
BRDA:548,42,0,7
BRDA:548,42,1,2
BRDA:559,43,0,0
BRDA:559,43,1,7
BRDA:581,44,0,7
BRDA:581,44,1,0
BRDA:582,45,0,7
BRDA:582,45,1,0
BRF:93
BRH:52
end_of_record
TN:
SF:src\pages\admin\ResearchGroups.tsx
FN:42,formatDate
FN:49,nextSort
FN:57,(anonymous_2)
FN:81,(anonymous_3)
FN:95,(anonymous_4)
FN:102,(anonymous_5)
FN:108,(anonymous_6)
FN:117,(anonymous_7)
FN:118,(anonymous_8)
FN:122,(anonymous_9)
FN:146,(anonymous_10)
FN:150,(anonymous_11)
FN:152,(anonymous_12)
FN:159,(anonymous_13)
FN:179,(anonymous_14)
FN:225,(anonymous_15)
FN:265,(anonymous_16)
FN:272,(anonymous_17)
FN:273,(anonymous_18)
FN:281,(anonymous_19)
FN:307,(anonymous_20)
FN:339,(anonymous_21)
FN:344,(anonymous_22)
FN:350,(anonymous_23)
FN:355,(anonymous_24)
FN:364,(anonymous_25)
FN:368,(anonymous_26)
FN:369,(anonymous_27)
FN:401,(anonymous_28)
FN:414,(anonymous_29)
FN:427,(anonymous_30)
FN:441,(anonymous_31)
FNF:32
FNH:20
FNDA:26,formatDate
FNDA:1,nextSort
FNDA:22,(anonymous_2)
FNDA:7,(anonymous_3)
FNDA:6,(anonymous_4)
FNDA:15,(anonymous_5)
FNDA:2,(anonymous_6)
FNDA:2,(anonymous_7)
FNDA:0,(anonymous_8)
FNDA:7,(anonymous_9)
FNDA:9,(anonymous_10)
FNDA:1,(anonymous_11)
FNDA:1,(anonymous_12)
FNDA:1,(anonymous_13)
FNDA:48,(anonymous_14)
FNDA:1,(anonymous_15)
FNDA:1,(anonymous_16)
FNDA:0,(anonymous_17)
FNDA:0,(anonymous_18)
FNDA:1,(anonymous_19)
FNDA:0,(anonymous_20)
FNDA:1,(anonymous_21)
FNDA:0,(anonymous_22)
FNDA:0,(anonymous_23)
FNDA:0,(anonymous_24)
FNDA:26,(anonymous_25)
FNDA:0,(anonymous_26)
FNDA:0,(anonymous_27)
FNDA:0,(anonymous_28)
FNDA:0,(anonymous_29)
FNDA:0,(anonymous_30)
FNDA:1,(anonymous_31)
DA:38,1
DA:43,26
DA:44,26
DA:45,26
DA:46,26
DA:50,1
DA:51,1
DA:52,0
DA:57,1
DA:58,22
DA:59,22
DA:60,22
DA:61,22
DA:62,22
DA:64,22
DA:65,22
DA:66,22
DA:69,22
DA:70,22
DA:73,22
DA:74,22
DA:77,22
DA:81,22
DA:82,7
DA:83,7
DA:84,7
DA:85,7
DA:86,7
DA:88,0
DA:89,0
DA:91,7
DA:95,22
DA:96,6
DA:102,22
DA:103,15
DA:106,15
DA:107,1
DA:108,1
DA:110,2
DA:117,15
DA:118,15
DA:121,15
DA:122,15
DA:123,7
DA:124,7
DA:126,7
DA:127,7
DA:128,0
DA:129,0
DA:130,0
DA:133,7
DA:134,0
DA:135,0
DA:139,15
DA:142,22
DA:143,22
DA:146,22
DA:150,22
DA:151,1
DA:152,1
DA:154,0
DA:155,0
DA:159,22
DA:160,1
DA:166,1
DA:168,1
DA:169,1
DA:170,1
DA:171,1
DA:173,0
DA:179,22
DA:180,48
DA:181,12
DA:182,1
DA:183,0
DA:186,22
DA:201,22
DA:211,22
DA:225,1
DA:265,1
DA:272,0
DA:273,0
DA:281,1
DA:307,0
DA:339,1
DA:344,0
DA:350,0
DA:355,0
DA:365,26
DA:368,0
DA:369,0
DA:401,0
DA:414,0
DA:427,0
DA:441,1
LF:95
LH:72
BRDA:43,0,0,0
BRDA:43,0,1,26
BRDA:45,1,0,0
BRDA:45,1,1,26
BRDA:50,2,0,0
BRDA:50,2,1,1
BRDA:51,3,0,1
BRDA:51,3,1,0
BRDA:88,4,0,0
BRDA:88,4,1,0
BRDA:106,5,0,1
BRDA:106,5,1,14
BRDA:110,6,0,2
BRDA:110,6,1,1
BRDA:110,6,2,1
BRDA:112,7,0,1
BRDA:112,7,1,0
BRDA:112,8,0,1
BRDA:112,8,1,0
BRDA:117,9,0,1
BRDA:117,9,1,14
BRDA:118,10,0,0
BRDA:118,10,1,15
BRDA:121,11,0,15
BRDA:121,11,1,0
BRDA:126,12,0,7
BRDA:126,12,1,0
BRDA:126,12,2,0
BRDA:126,12,3,0
BRDA:129,13,0,0
BRDA:129,13,1,0
BRDA:129,14,0,0
BRDA:129,14,1,0
BRDA:130,15,0,0
BRDA:130,15,1,0
BRDA:130,16,0,0
BRDA:130,16,1,0
BRDA:133,17,0,7
BRDA:133,17,1,0
BRDA:133,18,0,6
BRDA:133,18,1,1
BRDA:134,19,0,0
BRDA:134,19,1,0
BRDA:134,20,0,0
BRDA:134,20,1,0
BRDA:151,21,0,1
BRDA:151,21,1,0
BRDA:166,22,0,0
BRDA:166,22,1,1
BRDA:173,23,0,0
BRDA:173,23,1,0
BRDA:180,24,0,36
BRDA:180,24,1,12
BRDA:181,25,0,11
BRDA:181,25,1,1
BRDA:182,26,0,1
BRDA:182,26,1,0
BRDA:233,27,0,22
BRDA:233,27,1,0
BRDA:302,28,0,18
BRDA:302,28,1,4
BRDA:302,29,0,18
BRDA:302,29,1,4
BRDA:304,30,0,22
BRDA:304,30,1,2
BRDA:316,31,0,7
BRDA:316,31,1,15
BRDA:320,32,0,0
BRDA:320,32,1,15
BRDA:330,33,0,0
BRDA:330,33,1,0
BRDA:382,34,0,26
BRDA:382,34,1,0
BRDA:382,35,0,26
BRDA:382,35,1,0
BRDA:383,36,0,26
BRDA:383,36,1,0
BRDA:384,37,0,26
BRDA:384,37,1,0
BRDA:384,38,0,26
BRDA:384,38,1,0
BRDA:388,39,0,13
BRDA:388,39,1,13
BRDA:389,40,0,13
BRDA:389,40,1,13
BRDA:436,41,0,26
BRDA:436,41,1,13
BRF:87
BRH:47
end_of_record
TN:
SF:src\pages\admin\ResearchLineDetail.tsx
FN:11,(anonymous_0)
FN:30,(anonymous_1)
FN:47,(anonymous_2)
FN:51,(anonymous_3)
FN:61,(anonymous_4)
FN:67,(anonymous_5)
FN:82,(anonymous_6)
FN:114,(anonymous_7)
FN:123,(anonymous_8)
FN:160,(anonymous_9)
FN:171,(anonymous_10)
FN:203,(anonymous_11)
FN:208,(anonymous_12)
FN:208,(anonymous_13)
FN:209,(anonymous_14)
FN:250,(anonymous_15)
FN:260,(anonymous_16)
FN:311,(anonymous_17)
FNF:18
FNH:16
FNDA:17,(anonymous_0)
FNDA:6,(anonymous_1)
FNDA:6,(anonymous_2)
FNDA:6,(anonymous_3)
FNDA:4,(anonymous_4)
FNDA:1,(anonymous_5)
FNDA:1,(anonymous_6)
FNDA:0,(anonymous_7)
FNDA:1,(anonymous_8)
FNDA:0,(anonymous_9)
FNDA:1,(anonymous_10)
FNDA:1,(anonymous_11)
FNDA:20,(anonymous_12)
FNDA:20,(anonymous_13)
FNDA:10,(anonymous_14)
FNDA:10,(anonymous_15)
FNDA:1,(anonymous_16)
FNDA:1,(anonymous_17)
DA:11,1
DA:12,17
DA:13,17
DA:14,17
DA:16,17
DA:17,17
DA:18,17
DA:19,17
DA:21,17
DA:22,17
DA:23,17
DA:25,17
DA:26,17
DA:27,17
DA:28,17
DA:30,17
DA:31,6
DA:32,6
DA:33,6
DA:34,6
DA:36,6
DA:42,6
DA:43,6
DA:44,6
DA:46,6
DA:47,6
DA:50,6
DA:51,6
DA:52,6
DA:55,0
DA:57,6
DA:61,17
DA:62,4
DA:63,4
DA:67,17
DA:68,1
DA:69,1
DA:70,1
DA:71,1
DA:72,1
DA:73,1
DA:74,1
DA:76,0
DA:78,1
DA:82,17
DA:83,1
DA:89,1
DA:91,1
DA:92,1
DA:93,1
DA:94,1
DA:96,0
DA:100,17
DA:101,6
DA:108,11
DA:109,0
DA:114,0
DA:119,11
DA:123,1
DA:160,0
DA:171,1
DA:203,1
DA:208,20
DA:210,10
DA:251,10
DA:260,1
DA:312,1
LF:67
LH:61
BRDA:55,0,0,0
BRDA:55,0,1,0
BRDA:62,1,0,4
BRDA:62,1,1,0
BRDA:68,2,0,0
BRDA:68,2,1,1
BRDA:89,3,0,0
BRDA:89,3,1,1
BRDA:100,4,0,6
BRDA:100,4,1,11
BRDA:108,5,0,0
BRDA:108,5,1,11
BRDA:108,6,0,11
BRDA:108,6,1,11
BRDA:112,7,0,0
BRDA:112,7,1,0
BRDA:145,8,0,11
BRDA:145,8,1,0
BRDA:146,9,0,11
BRDA:146,9,1,0
BRDA:148,10,0,11
BRDA:148,10,1,0
BRDA:163,11,0,10
BRDA:163,11,1,1
BRDA:164,12,0,10
BRDA:164,12,1,1
BRDA:174,13,0,1
BRDA:174,13,1,10
BRDA:175,14,0,1
BRDA:175,14,1,10
BRDA:196,15,0,17
BRDA:196,15,1,10
BRDA:208,16,0,20
BRDA:208,16,1,20
BRDA:217,17,0,10
BRDA:217,17,1,2
BRDA:224,18,0,0
BRDA:224,18,1,10
BRDA:255,19,0,0
BRDA:255,19,1,10
BRDA:277,20,0,17
BRDA:277,20,1,1
BRDA:284,21,0,0
BRDA:284,21,1,1
BRDA:321,22,0,1
BRDA:321,22,1,0
BRDA:325,23,0,0
BRDA:325,23,1,1
BRDA:330,24,0,1
BRDA:330,24,1,0
BRDA:331,25,0,1
BRDA:331,25,1,0
BRDA:333,26,0,1
BRDA:333,26,1,0
BRF:54
BRH:35
end_of_record
TN:
SF:src\pages\admin\ResearchLines.tsx
FN:33,formatDate
FN:40,nextSort
FN:52,(anonymous_2)
FN:60,(anonymous_3)
FN:67,(anonymous_4)
FN:84,(anonymous_5)
FN:102,(anonymous_6)
FN:108,(anonymous_7)
FN:109,(anonymous_8)
FN:123,(anonymous_9)
FN:126,(anonymous_10)
FN:127,(anonymous_11)
FN:139,(anonymous_12)
FN:142,(anonymous_13)
FN:143,(anonymous_14)
FN:160,(anonymous_15)
FN:178,(anonymous_16)
FN:191,(anonymous_17)
FN:195,(anonymous_18)
FN:199,(anonymous_19)
FN:201,(anonymous_20)
FN:202,(anonymous_21)
FN:204,(anonymous_22)
FN:220,(anonymous_23)
FN:224,(anonymous_24)
FN:225,(anonymous_25)
FN:229,(anonymous_26)
FN:249,(anonymous_27)
FN:266,(anonymous_28)
FN:281,(anonymous_29)
FN:291,(anonymous_30)
FN:316,(anonymous_31)
FN:318,(anonymous_32)
FN:319,(anonymous_33)
FN:325,(anonymous_34)
FN:359,(anonymous_35)
FN:362,(anonymous_36)
FN:365,(anonymous_37)
FN:368,(anonymous_38)
FN:375,(anonymous_39)
FN:378,(anonymous_40)
FN:379,(anonymous_41)
FN:400,(anonymous_42)
FN:409,(anonymous_43)
FNF:44
FNH:29
FNDA:32,formatDate
FNDA:1,nextSort
FNDA:7,(anonymous_2)
FNDA:2,(anonymous_3)
FNDA:2,(anonymous_4)
FNDA:2,(anonymous_5)
FNDA:2,(anonymous_6)
FNDA:0,(anonymous_7)
FNDA:0,(anonymous_8)
FNDA:1,(anonymous_9)
FNDA:0,(anonymous_10)
FNDA:0,(anonymous_11)
FNDA:1,(anonymous_12)
FNDA:0,(anonymous_13)
FNDA:0,(anonymous_14)
FNDA:26,(anonymous_15)
FNDA:9,(anonymous_16)
FNDA:7,(anonymous_17)
FNDA:17,(anonymous_18)
FNDA:2,(anonymous_19)
FNDA:2,(anonymous_20)
FNDA:0,(anonymous_21)
FNDA:8,(anonymous_22)
FNDA:10,(anonymous_23)
FNDA:1,(anonymous_24)
FNDA:1,(anonymous_25)
FNDA:1,(anonymous_26)
FNDA:1,(anonymous_27)
FNDA:60,(anonymous_28)
FNDA:0,(anonymous_29)
FNDA:1,(anonymous_30)
FNDA:1,(anonymous_31)
FNDA:0,(anonymous_32)
FNDA:0,(anonymous_33)
FNDA:1,(anonymous_34)
FNDA:1,(anonymous_35)
FNDA:0,(anonymous_36)
FNDA:0,(anonymous_37)
FNDA:0,(anonymous_38)
FNDA:32,(anonymous_39)
FNDA:0,(anonymous_40)
FNDA:0,(anonymous_41)
FNDA:1,(anonymous_42)
FNDA:1,(anonymous_43)
DA:29,1
DA:34,32
DA:35,32
DA:36,32
DA:37,32
DA:41,1
DA:52,1
DA:53,7
DA:54,7
DA:55,7
DA:56,7
DA:57,7
DA:58,7
DA:60,7
DA:61,2
DA:62,2
DA:63,2
DA:64,2
DA:67,7
DA:68,2
DA:69,1
DA:70,1
DA:71,1
DA:73,1
DA:77,7
DA:84,2
DA:102,2
DA:108,0
DA:109,0
DA:123,1
DA:126,0
DA:127,0
DA:139,1
DA:142,0
DA:143,0
DA:160,1
DA:161,26
DA:162,26
DA:163,26
DA:164,26
DA:166,26
DA:167,26
DA:168,26
DA:170,26
DA:171,26
DA:172,26
DA:173,26
DA:174,26
DA:176,26
DA:178,26
DA:179,9
DA:180,9
DA:181,9
DA:182,9
DA:183,9
DA:185,0
DA:187,9
DA:191,26
DA:195,26
DA:196,17
DA:197,17
DA:198,1
DA:199,2
DA:201,17
DA:202,17
DA:203,17
DA:204,17
DA:205,8
DA:206,8
DA:207,0
DA:208,0
DA:209,0
DA:210,8
DA:211,0
DA:212,0
DA:215,17
DA:218,26
DA:219,26
DA:220,26
DA:224,26
DA:225,1
DA:226,0
DA:229,26
DA:230,1
DA:231,1
DA:239,1
DA:240,1
DA:241,1
DA:242,1
DA:243,1
DA:245,0
DA:249,26
DA:250,1
DA:251,1
DA:252,1
DA:253,1
DA:254,1
DA:255,1
DA:257,0
DA:263,26
DA:264,26
DA:266,26
DA:267,60
DA:268,15
DA:269,1
DA:270,0
DA:275,26
DA:281,0
DA:291,1
DA:316,1
DA:318,0
DA:319,0
DA:325,1
DA:359,1
DA:362,0
DA:365,0
DA:368,0
DA:376,32
DA:378,0
DA:379,0
DA:400,1
DA:409,1
LF:122
LH:98
BRDA:34,0,0,0
BRDA:34,0,1,32
BRDA:36,1,0,0
BRDA:36,1,1,32
BRDA:41,2,0,0
BRDA:41,2,1,1
BRDA:41,3,0,1
BRDA:41,3,1,0
BRDA:55,4,0,7
BRDA:55,4,1,0
BRDA:56,5,0,7
BRDA:56,5,1,0
BRDA:62,6,0,1
BRDA:62,6,1,1
BRDA:68,7,0,1
BRDA:68,7,1,1
BRDA:71,8,0,1
BRDA:71,8,1,0
BRDA:71,9,0,2
BRDA:71,9,1,0
BRDA:102,10,0,1
BRDA:102,10,1,1
BRDA:105,11,0,1
BRDA:105,11,1,6
BRDA:108,12,0,0
BRDA:108,12,1,0
BRDA:109,13,0,0
BRDA:109,13,1,0
BRDA:111,14,0,7
BRDA:111,14,1,1
BRDA:149,15,0,1
BRDA:149,15,1,6
BRDA:150,16,0,1
BRDA:150,16,1,6
BRDA:185,17,0,0
BRDA:185,17,1,0
BRDA:197,18,0,1
BRDA:197,18,1,16
BRDA:199,19,0,2
BRDA:199,19,1,1
BRDA:199,20,0,1
BRDA:199,20,1,0
BRDA:201,21,0,1
BRDA:201,21,1,16
BRDA:202,22,0,0
BRDA:202,22,1,17
BRDA:203,23,0,17
BRDA:203,23,1,0
BRDA:206,24,0,8
BRDA:206,24,1,0
BRDA:207,25,0,0
BRDA:207,25,1,0
BRDA:207,26,0,0
BRDA:207,26,1,0
BRDA:207,27,0,0
BRDA:207,27,1,0
BRDA:208,28,0,0
BRDA:208,28,1,0
BRDA:208,29,0,0
BRDA:208,29,1,0
BRDA:208,30,0,0
BRDA:208,30,1,0
BRDA:209,31,0,0
BRDA:209,31,1,0
BRDA:209,32,0,0
BRDA:209,32,1,0
BRDA:209,33,0,0
BRDA:209,33,1,0
BRDA:210,34,0,8
BRDA:210,34,1,0
BRDA:210,35,0,7
BRDA:210,35,1,1
BRDA:211,36,0,0
BRDA:211,36,1,0
BRDA:211,37,0,0
BRDA:211,37,1,0
BRDA:225,38,0,1
BRDA:225,38,1,0
BRDA:232,39,0,0
BRDA:232,39,1,1
BRDA:233,40,0,0
BRDA:233,40,1,1
BRDA:236,41,0,0
BRDA:236,41,1,1
BRDA:239,42,0,0
BRDA:239,42,1,1
BRDA:242,43,0,0
BRDA:242,43,1,1
BRDA:245,44,0,0
BRDA:245,44,1,0
BRDA:250,45,0,0
BRDA:250,45,1,1
BRDA:257,46,0,0
BRDA:257,46,1,0
BRDA:267,47,0,45
BRDA:267,47,1,15
BRDA:268,48,0,14
BRDA:268,48,1,1
BRDA:269,49,0,1
BRDA:269,49,1,0
BRDA:277,50,0,26
BRDA:277,50,1,1
BRDA:297,51,0,26
BRDA:297,51,1,0
BRDA:338,52,0,22
BRDA:338,52,1,4
BRDA:338,53,0,22
BRDA:338,53,1,4
BRDA:343,54,0,8
BRDA:343,54,1,18
BRDA:345,55,0,0
BRDA:345,55,1,18
BRDA:350,56,0,0
BRDA:350,56,1,0
BRDA:384,57,0,32
BRDA:384,57,1,0
BRDA:391,58,0,16
BRDA:391,58,1,16
BRDA:391,59,0,16
BRDA:391,59,1,16
BRDA:408,60,0,16
BRDA:408,60,1,16
BRDA:412,61,0,16
BRDA:412,61,1,16
BRDA:416,62,0,16
BRDA:416,62,1,16
BRDA:419,63,0,16
BRDA:419,63,1,16
BRF:128
BRH:70
end_of_record
TN:
SF:src\pages\admin\UserManagement.tsx
FN:79,(anonymous_0)
FN:98,(anonymous_1)
FN:104,(anonymous_2)
FN:118,(anonymous_3)
FN:128,(anonymous_4)
FN:132,(anonymous_5)
FN:136,(anonymous_6)
FN:143,(anonymous_7)
FN:157,(anonymous_8)
FN:164,(anonymous_9)
FN:182,(anonymous_10)
FN:223,(anonymous_11)
FN:248,(anonymous_12)
FN:249,(anonymous_13)
FN:258,(anonymous_14)
FN:281,(anonymous_15)
FN:352,(anonymous_16)
FN:353,(anonymous_17)
FN:392,(anonymous_18)
FN:405,(anonymous_19)
FN:452,(anonymous_20)
FN:477,(anonymous_21)
FN:484,(anonymous_22)
FN:492,(anonymous_23)
FN:534,(anonymous_24)
FN:563,(anonymous_25)
FN:574,(anonymous_26)
FN:581,(anonymous_27)
FN:590,(anonymous_28)
FN:599,(anonymous_29)
FN:604,(anonymous_30)
FNF:31
FNH:20
FNDA:18,(anonymous_0)
FNDA:14,(anonymous_1)
FNDA:5,(anonymous_2)
FNDA:3,(anonymous_3)
FNDA:6,(anonymous_4)
FNDA:0,(anonymous_5)
FNDA:1,(anonymous_6)
FNDA:1,(anonymous_7)
FNDA:2,(anonymous_8)
FNDA:2,(anonymous_9)
FNDA:2,(anonymous_10)
FNDA:0,(anonymous_11)
FNDA:0,(anonymous_12)
FNDA:0,(anonymous_13)
FNDA:0,(anonymous_14)
FNDA:14,(anonymous_15)
FNDA:0,(anonymous_16)
FNDA:0,(anonymous_17)
FNDA:14,(anonymous_18)
FNDA:14,(anonymous_19)
FNDA:14,(anonymous_20)
FNDA:1,(anonymous_21)
FNDA:0,(anonymous_22)
FNDA:0,(anonymous_23)
FNDA:2,(anonymous_24)
FNDA:1,(anonymous_25)
FNDA:2,(anonymous_26)
FNDA:1,(anonymous_27)
FNDA:1,(anonymous_28)
FNDA:0,(anonymous_29)
FNDA:0,(anonymous_30)
DA:39,1
DA:49,1
DA:59,1
DA:70,1
DA:79,1
DA:80,18
DA:81,18
DA:82,18
DA:83,18
DA:84,18
DA:85,18
DA:86,18
DA:88,18
DA:89,18
DA:90,18
DA:91,18
DA:92,18
DA:94,18
DA:95,18
DA:96,18
DA:98,18
DA:99,14
DA:100,14
DA:101,14
DA:104,18
DA:105,5
DA:106,5
DA:107,5
DA:108,5
DA:109,5
DA:111,0
DA:112,0
DA:114,5
DA:118,18
DA:119,3
DA:122,18
DA:123,18
DA:128,18
DA:129,6
DA:132,18
DA:133,0
DA:136,18
DA:137,1
DA:138,1
DA:139,1
DA:140,1
DA:143,18
DA:144,1
DA:145,1
DA:153,1
DA:154,1
DA:157,18
DA:158,2
DA:159,2
DA:160,2
DA:161,2
DA:164,18
DA:165,2
DA:166,2
DA:167,0
DA:169,2
DA:170,0
DA:172,2
DA:173,0
DA:175,2
DA:176,0
DA:178,2
DA:179,2
DA:182,18
DA:183,2
DA:185,2
DA:186,2
DA:187,2
DA:188,1
DA:194,1
DA:195,1
DA:197,1
DA:198,1
DA:200,1
DA:207,1
DA:208,1
DA:210,1
DA:211,1
DA:213,2
DA:214,2
DA:216,0
DA:217,0
DA:219,2
DA:223,18
DA:224,0
DA:226,0
DA:227,0
DA:228,0
DA:231,0
DA:233,0
DA:242,0
DA:244,0
DA:245,0
DA:246,0
DA:247,0
DA:248,0
DA:249,0
DA:252,0
DA:254,0
DA:258,18
DA:259,0
DA:261,0
DA:268,0
DA:270,0
DA:271,0
DA:272,0
DA:273,0
DA:275,0
DA:277,0
DA:281,18
DA:282,14
DA:285,18
DA:352,0
DA:353,0
DA:392,14
DA:405,14
DA:453,14
DA:477,1
DA:484,0
DA:492,0
DA:534,2
DA:563,1
DA:574,2
DA:581,1
DA:590,1
DA:599,0
DA:604,0
LF:132
LH:93
BRDA:101,0,0,14
BRDA:101,0,1,0
BRDA:108,1,0,5
BRDA:108,1,1,5
BRDA:149,2,0,1
BRDA:149,2,1,0
BRDA:150,3,0,1
BRDA:150,3,1,0
BRDA:166,4,0,0
BRDA:166,4,1,2
BRDA:166,5,0,2
BRDA:166,5,1,2
BRDA:169,6,0,0
BRDA:169,6,1,2
BRDA:172,7,0,0
BRDA:172,7,1,2
BRDA:175,8,0,0
BRDA:175,8,1,2
BRDA:183,9,0,0
BRDA:183,9,1,2
BRDA:187,10,0,1
BRDA:187,10,1,1
BRDA:191,11,0,1
BRDA:191,11,1,0
BRDA:194,12,0,1
BRDA:194,12,1,0
BRDA:204,13,0,1
BRDA:204,13,1,1
BRDA:207,14,0,1
BRDA:207,14,1,0
BRDA:216,15,0,0
BRDA:216,15,1,0
BRDA:226,16,0,0
BRDA:226,16,1,0
BRDA:226,17,0,0
BRDA:226,17,1,0
BRDA:234,18,0,0
BRDA:234,18,1,0
BRDA:235,19,0,0
BRDA:235,19,1,0
BRDA:238,20,0,0
BRDA:238,20,1,0
BRDA:242,21,0,0
BRDA:242,21,1,0
BRDA:247,22,0,0
BRDA:247,22,1,0
BRDA:249,23,0,0
BRDA:249,23,1,0
BRDA:252,24,0,0
BRDA:252,24,1,0
BRDA:268,25,0,0
BRDA:268,25,1,0
BRDA:353,26,0,0
BRDA:353,26,1,0
BRDA:414,27,0,18
BRDA:414,27,1,0
BRDA:438,28,0,4
BRDA:438,28,1,14
BRDA:444,29,0,0
BRDA:444,29,1,14
BRDA:460,30,0,14
BRDA:460,30,1,0
BRDA:461,31,0,14
BRDA:461,31,1,0
BRDA:463,32,0,14
BRDA:463,32,1,0
BRDA:468,33,0,14
BRDA:468,33,1,0
BRDA:469,34,0,14
BRDA:469,34,1,0
BRDA:490,35,0,14
BRDA:490,35,1,0
BRDA:495,36,0,14
BRDA:495,36,1,0
BRDA:500,37,0,14
BRDA:500,37,1,0
BRDA:518,38,0,18
BRDA:518,38,1,11
BRDA:548,39,0,3
BRDA:548,39,1,8
BRDA:610,40,0,11
BRDA:610,40,1,8
BRDA:623,41,0,2
BRDA:623,41,1,9
BRDA:623,42,0,2
BRDA:623,42,1,7
BRF:86
BRH:41
end_of_record
TN:
SF:src\pages\audit\AuditTrail.tsx
FN:73,getStatusLabel
FN:79,formatDateTimeFull
FN:92,formatDate
FN:99,formatTime
FN:106,formatRelativeTime
FN:122,getActionMeta
FN:141,getTimelineActionMeta
FN:155,getRoleMeta
FN:181,(anonymous_8)
FN:204,(anonymous_9)
FN:208,(anonymous_10)
FN:218,(anonymous_11)
FN:220,(anonymous_12)
FN:232,(anonymous_13)
FN:234,(anonymous_14)
FN:239,(anonymous_15)
FN:244,(anonymous_16)
FN:244,(anonymous_17)
FN:246,(anonymous_18)
FN:250,(anonymous_19)
FN:265,(anonymous_20)
FN:266,(anonymous_21)
FN:270,(anonymous_22)
FN:271,(anonymous_23)
FN:271,(anonymous_24)
FN:273,(anonymous_25)
FN:357,(anonymous_26)
FN:359,(anonymous_27)
FN:360,(anonymous_28)
FN:383,(anonymous_29)
FN:410,(anonymous_30)
FN:475,(anonymous_31)
FN:479,(anonymous_32)
FN:480,(anonymous_33)
FN:555,(anonymous_34)
FN:597,(anonymous_35)
FN:654,StatCard
FN:670,MiniStat
FN:679,AuditDataCell
FN:684,(anonymous_39)
FN:688,(anonymous_40)
FNF:41
FNH:32
FNDA:13,getStatusLabel
FNDA:12,formatDateTimeFull
FNDA:68,formatDate
FNDA:0,formatTime
FNDA:79,formatRelativeTime
FNDA:79,getActionMeta
FNDA:1,getTimelineActionMeta
FNDA:1,getRoleMeta
FNDA:19,(anonymous_8)
FNDA:9,(anonymous_9)
FNDA:1,(anonymous_10)
FNDA:8,(anonymous_11)
FNDA:8,(anonymous_12)
FNDA:8,(anonymous_13)
FNDA:8,(anonymous_14)
FNDA:10,(anonymous_15)
FNDA:1,(anonymous_16)
FNDA:1,(anonymous_17)
FNDA:1,(anonymous_18)
FNDA:0,(anonymous_19)
FNDA:0,(anonymous_20)
FNDA:0,(anonymous_21)
FNDA:68,(anonymous_22)
FNDA:68,(anonymous_23)
FNDA:68,(anonymous_24)
FNDA:68,(anonymous_25)
FNDA:11,(anonymous_26)
FNDA:0,(anonymous_27)
FNDA:0,(anonymous_28)
FNDA:11,(anonymous_29)
FNDA:1,(anonymous_30)
FNDA:68,(anonymous_31)
FNDA:0,(anonymous_32)
FNDA:0,(anonymous_33)
FNDA:1,(anonymous_34)
FNDA:0,(anonymous_35)
FNDA:76,StatCard
FNDA:3,MiniStat
FNDA:136,AuditDataCell
FNDA:68,(anonymous_39)
FNDA:68,(anonymous_40)
DA:39,1
DA:51,1
DA:63,1
DA:74,13
DA:75,13
DA:76,13
DA:80,12
DA:81,12
DA:82,12
DA:83,12
DA:84,12
DA:85,12
DA:86,12
DA:87,12
DA:88,12
DA:89,12
DA:93,68
DA:94,68
DA:95,68
DA:96,68
DA:100,0
DA:101,0
DA:102,0
DA:103,0
DA:107,79
DA:108,79
DA:109,79
DA:110,79
DA:111,79
DA:112,79
DA:113,79
DA:114,0
DA:115,0
DA:116,0
DA:117,0
DA:118,0
DA:119,0
DA:123,79
DA:124,79
DA:125,79
DA:126,0
DA:127,0
DA:128,0
DA:129,0
DA:130,0
DA:131,0
DA:132,0
DA:133,0
DA:134,0
DA:135,0
DA:136,0
DA:137,0
DA:138,0
DA:142,1
DA:143,0
DA:144,1
DA:145,0
DA:146,1
DA:147,0
DA:148,1
DA:149,0
DA:150,1
DA:151,1
DA:152,0
DA:156,1
DA:157,1
DA:160,1
DA:181,1
DA:182,19
DA:183,19
DA:184,19
DA:185,19
DA:187,19
DA:189,19
DA:190,19
DA:191,19
DA:192,19
DA:194,19
DA:195,19
DA:197,19
DA:198,19
DA:199,19
DA:200,19
DA:201,19
DA:202,19
DA:204,19
DA:205,9
DA:206,9
DA:207,9
DA:208,9
DA:209,8
DA:210,9
DA:212,0
DA:214,9
DA:218,19
DA:220,19
DA:221,8
DA:222,8
DA:223,8
DA:224,8
DA:226,0
DA:228,8
DA:232,19
DA:234,19
DA:235,8
DA:236,8
DA:239,19
DA:240,10
DA:241,10
DA:244,19
DA:246,19
DA:247,1
DA:248,1
DA:249,0
DA:250,0
DA:251,0
DA:252,0
DA:254,1
DA:255,1
DA:256,1
DA:257,1
DA:258,1
DA:260,0
DA:261,0
DA:262,1
DA:265,19
DA:266,0
DA:269,19
DA:270,68
DA:271,68
DA:272,19
DA:273,68
DA:274,19
DA:276,19
DA:358,11
DA:359,0
DA:360,0
DA:384,11
DA:385,11
DA:411,1
DA:412,1
DA:413,1
DA:476,68
DA:477,68
DA:479,0
DA:480,0
DA:556,1
DA:557,1
DA:558,1
DA:559,1
DA:560,1
DA:597,0
DA:655,76
DA:671,3
DA:680,136
DA:681,68
DA:682,68
DA:683,68
DA:684,68
DA:685,0
DA:686,68
DA:689,68
DA:699,1
DA:700,1
LF:164
LH:121
BRDA:76,0,0,13
BRDA:76,0,1,0
BRDA:80,1,0,0
BRDA:80,1,1,12
BRDA:82,2,0,0
BRDA:82,2,1,12
BRDA:93,3,0,0
BRDA:93,3,1,68
BRDA:95,4,0,0
BRDA:95,4,1,68
BRDA:100,5,0,0
BRDA:100,5,1,0
BRDA:102,6,0,0
BRDA:102,6,1,0
BRDA:107,7,0,0
BRDA:107,7,1,79
BRDA:109,8,0,0
BRDA:109,8,1,79
BRDA:113,9,0,79
BRDA:113,9,1,0
BRDA:114,10,0,0
BRDA:114,10,1,0
BRDA:116,11,0,0
BRDA:116,11,1,0
BRDA:118,12,0,0
BRDA:118,12,1,0
BRDA:124,13,0,79
BRDA:124,13,1,0
BRDA:124,14,0,79
BRDA:124,14,1,0
BRDA:124,14,2,0
BRDA:124,14,3,0
BRDA:126,15,0,0
BRDA:126,15,1,0
BRDA:126,16,0,0
BRDA:126,16,1,0
BRDA:126,16,2,0
BRDA:128,17,0,0
BRDA:128,17,1,0
BRDA:128,18,0,0
BRDA:128,18,1,0
BRDA:128,18,2,0
BRDA:128,18,3,0
BRDA:130,19,0,0
BRDA:130,19,1,0
BRDA:130,20,0,0
BRDA:130,20,1,0
BRDA:132,21,0,0
BRDA:132,21,1,0
BRDA:132,22,0,0
BRDA:132,22,1,0
BRDA:134,23,0,0
BRDA:134,23,1,0
BRDA:136,24,0,0
BRDA:136,24,1,0
BRDA:142,25,0,0
BRDA:142,25,1,1
BRDA:142,26,0,1
BRDA:142,26,1,1
BRDA:142,26,2,1
BRDA:144,27,0,0
BRDA:144,27,1,1
BRDA:146,28,0,0
BRDA:146,28,1,1
BRDA:148,29,0,0
BRDA:148,29,1,1
BRDA:150,30,0,1
BRDA:150,30,1,0
BRDA:150,31,0,1
BRDA:150,31,1,1
BRDA:156,32,0,0
BRDA:156,32,1,1
BRDA:157,33,0,1
BRDA:157,33,1,0
BRDA:204,34,0,9
BRDA:208,35,0,1
BRDA:208,35,1,8
BRDA:236,36,0,0
BRDA:236,36,1,8
BRDA:241,37,0,0
BRDA:241,37,1,10
BRDA:241,38,0,10
BRDA:241,38,1,0
BRDA:241,38,2,0
BRDA:241,38,3,0
BRDA:247,39,0,1
BRDA:247,39,1,0
BRDA:248,40,0,0
BRDA:248,40,1,1
BRDA:248,41,0,1
BRDA:248,41,1,1
BRDA:251,42,0,0
BRDA:251,42,1,0
BRDA:260,43,0,0
BRDA:260,43,1,0
BRDA:270,44,0,68
BRDA:270,44,1,0
BRDA:274,45,0,1
BRDA:274,45,1,18
BRDA:293,46,0,19
BRDA:293,46,1,2
BRDA:332,47,0,8
BRDA:332,47,1,11
BRDA:337,48,0,0
BRDA:337,48,1,11
BRDA:372,49,0,11
BRDA:372,49,1,0
BRDA:373,50,0,11
BRDA:373,50,1,0
BRDA:413,51,0,1
BRDA:413,51,1,1
BRDA:449,52,0,8
BRDA:449,52,1,11
BRDA:449,53,0,19
BRDA:449,53,1,9
BRDA:454,54,0,0
BRDA:454,54,1,11
BRDA:488,55,0,68
BRDA:488,55,1,0
BRDA:492,56,0,68
BRDA:492,56,1,0
BRDA:493,57,0,68
BRDA:493,57,1,0
BRDA:508,58,0,19
BRDA:508,58,1,11
BRDA:508,58,2,3
BRDA:511,59,0,1
BRDA:511,59,1,2
BRDA:519,60,0,19
BRDA:519,60,1,0
BRDA:525,61,0,19
BRDA:525,61,1,1
BRDA:525,61,2,1
BRDA:525,61,3,0
BRDA:525,61,4,0
BRDA:536,62,0,19
BRDA:536,62,1,1
BRDA:548,63,0,1
BRDA:548,63,1,0
BRDA:550,64,0,1
BRDA:550,64,1,0
BRDA:550,65,0,1
BRDA:550,65,1,0
BRDA:559,66,0,1
BRDA:559,66,1,1
BRDA:564,67,0,1
BRDA:564,67,1,0
BRDA:564,68,0,1
BRDA:564,68,1,0
BRDA:566,69,0,1
BRDA:566,69,1,0
BRDA:567,70,0,1
BRDA:567,70,1,0
BRDA:569,71,0,1
BRDA:569,71,1,0
BRDA:572,72,0,0
BRDA:572,72,1,1
BRDA:579,73,0,1
BRDA:579,73,1,0
BRDA:581,74,0,0
BRDA:581,74,1,0
BRDA:581,75,0,0
BRDA:581,75,1,0
BRDA:582,76,0,0
BRDA:582,76,1,0
BRDA:587,77,0,1
BRDA:587,77,1,0
BRDA:587,78,0,1
BRDA:587,78,1,0
BRDA:588,79,0,1
BRDA:588,79,1,0
BRDA:594,80,0,1
BRDA:594,80,1,0
BRDA:604,81,0,0
BRDA:604,81,1,0
BRDA:606,82,0,0
BRDA:606,82,1,0
BRDA:622,83,0,1
BRDA:622,83,1,1
BRDA:629,84,0,1
BRDA:629,84,1,1
BRDA:561,85,0,1
BRDA:561,85,1,0
BRDA:680,86,0,68
BRDA:680,86,1,68
BRDA:684,87,0,68
BRDA:684,87,1,0
BRDA:690,88,0,68
BRDA:690,88,1,68
BRDA:691,89,0,0
BRDA:691,89,1,68
BRDA:691,90,0,68
BRDA:691,90,1,0
BRDA:694,91,0,68
BRDA:694,91,1,0
BRF:195
BRH:92
end_of_record
TN:
SF:src\pages\auth\ChangePasswordPage.tsx
FN:10,(anonymous_0)
FN:28,(anonymous_1)
FN:40,(anonymous_2)
FN:117,(anonymous_3)
FN:128,(anonymous_4)
FN:184,(anonymous_5)
FN:190,(anonymous_6)
FN:222,(anonymous_7)
FN:228,(anonymous_8)
FN:260,(anonymous_9)
FN:266,(anonymous_10)
FNF:11
FNH:11
FNDA:44,(anonymous_0)
FNDA:8,(anonymous_1)
FNDA:10,(anonymous_2)
FNDA:1,(anonymous_3)
FNDA:1,(anonymous_4)
FNDA:3,(anonymous_5)
FNDA:1,(anonymous_6)
FNDA:9,(anonymous_7)
FNDA:1,(anonymous_8)
FNDA:9,(anonymous_9)
FNDA:1,(anonymous_10)
DA:10,1
DA:11,44
DA:12,44
DA:13,44
DA:15,44
DA:16,44
DA:17,44
DA:19,44
DA:20,44
DA:21,44
DA:23,44
DA:24,44
DA:25,44
DA:28,44
DA:29,8
DA:30,8
DA:31,1
DA:32,1
DA:34,7
DA:35,7
DA:36,1
DA:40,44
DA:41,10
DA:42,10
DA:43,10
DA:45,10
DA:46,1
DA:47,1
DA:50,9
DA:51,1
DA:52,1
DA:55,8
DA:56,1
DA:57,1
DA:60,7
DA:61,1
DA:62,1
DA:65,6
DA:66,1
DA:67,1
DA:70,5
DA:71,1
DA:72,1
DA:75,4
DA:76,1
DA:77,1
DA:80,3
DA:81,1
DA:82,1
DA:85,2
DA:86,2
DA:88,2
DA:93,1
DA:96,1
DA:97,1
DA:98,1
DA:99,1
DA:100,1
DA:101,1
DA:104,1
DA:117,1
DA:118,1
DA:121,1
DA:122,1
DA:124,2
DA:128,44
DA:130,1
DA:131,1
DA:134,44
DA:184,3
DA:190,1
DA:222,9
DA:228,1
DA:260,9
DA:266,1
LF:75
LH:75
BRDA:30,0,0,1
BRDA:30,0,1,7
BRDA:35,1,0,1
BRDA:35,1,1,6
BRDA:35,2,0,7
BRDA:35,2,1,7
BRDA:45,3,0,1
BRDA:45,3,1,9
BRDA:45,4,0,10
BRDA:45,4,1,9
[...]
FN:676,(anonymous_29)
FN:719,(anonymous_30)
FN:742,(anonymous_31)
FN:763,(anonymous_32)
FN:776,(anonymous_33)
FN:789,(anonymous_34)
FN:802,(anonymous_35)
FN:812,(anonymous_36)
FNF:37
FNH:22
FNDA:29,(anonymous_0)
FNDA:8,(anonymous_1)
FNDA:6,(anonymous_2)
FNDA:7,(anonymous_3)
FNDA:4,(anonymous_4)
FNDA:0,(anonymous_5)
FNDA:0,(anonymous_6)
FNDA:1,(anonymous_7)
FNDA:7,(anonymous_8)
FNDA:3,(anonymous_9)
FNDA:1,(anonymous_10)
FNDA:1,(anonymous_11)
FNDA:0,(anonymous_12)
FNDA:0,(anonymous_13)
FNDA:12,(anonymous_14)
FNDA:11,(anonymous_15)
FNDA:11,(anonymous_16)
FNDA:0,(anonymous_17)
FNDA:3,(anonymous_18)
FNDA:1,(anonymous_19)
FNDA:0,(anonymous_20)
FNDA:1,(anonymous_21)
FNDA:1,(anonymous_22)
FNDA:0,(anonymous_23)
FNDA:1,(anonymous_24)
FNDA:1,(anonymous_25)
FNDA:11,(anonymous_26)
FNDA:0,(anonymous_27)
FNDA:1,(anonymous_28)
FNDA:1,(anonymous_29)
FNDA:0,(anonymous_30)
FNDA:0,(anonymous_31)
FNDA:0,(anonymous_32)
FNDA:0,(anonymous_33)
FNDA:0,(anonymous_34)
FNDA:0,(anonymous_35)
FNDA:0,(anonymous_36)
DA:22,1
DA:23,29
DA:25,29
DA:28,29
DA:29,29
DA:30,29
DA:33,29
DA:34,29
DA:35,29
DA:36,29
DA:37,29
DA:38,29
DA:39,29
DA:40,29
DA:41,29
DA:43,29
DA:52,29
DA:53,29
DA:54,29
DA:55,29
DA:58,29
DA:59,29
DA:62,29
DA:63,29
DA:64,29
DA:65,29
DA:66,29
DA:67,29
DA:70,29
DA:71,8
DA:72,3
DA:77,29
DA:78,6
DA:82,29
DA:83,7
DA:84,7
DA:88,29
DA:89,4
DA:90,4
DA:91,4
DA:92,4
DA:94,0
DA:95,0
DA:97,4
DA:101,29
DA:102,0
DA:103,0
DA:104,0
DA:105,0
DA:106,0
DA:107,0
DA:108,0
DA:109,0
DA:110,0
DA:113,29
DA:114,0
DA:115,0
DA:116,0
DA:120,29
DA:121,1
DA:122,1
DA:124,1
DA:125,0
DA:126,0
DA:128,1
DA:129,0
DA:130,0
DA:132,1
DA:133,0
DA:134,0
DA:137,1
DA:138,1
DA:139,1
DA:148,1
DA:155,1
DA:157,0
DA:158,0
DA:159,0
DA:161,1
DA:166,29
DA:167,7
DA:168,2
DA:169,2
DA:170,2
DA:171,3
DA:173,2
DA:174,1
DA:175,1
DA:176,1
DA:177,0
DA:178,0
DA:180,0
DA:185,29
DA:186,1
DA:189,1
DA:190,0
DA:191,0
DA:194,1
DA:195,1
DA:199,1
DA:206,1
DA:208,1
DA:209,1
DA:210,1
DA:211,1
DA:213,0
DA:214,0
DA:216,1
DA:218,0
DA:219,0
DA:223,29
DA:224,1
DA:231,1
DA:233,1
DA:234,1
DA:235,1
DA:237,0
DA:238,0
DA:242,29
DA:243,0
DA:244,0
DA:245,0
DA:246,0
DA:247,0
DA:248,0
DA:251,29
DA:252,0
DA:253,0
DA:255,0
DA:256,0
DA:257,0
DA:260,0
DA:261,0
DA:262,0
DA:269,0
DA:270,0
DA:271,0
DA:273,0
DA:274,0
DA:276,0
DA:281,29
DA:282,12
DA:283,12
DA:284,12
DA:285,12
DA:286,12
DA:287,12
DA:288,12
DA:290,12
DA:293,29
DA:294,11
DA:296,0
DA:298,11
DA:300,0
DA:302,0
DA:304,0
DA:306,0
DA:308,0
DA:310,0
DA:314,29
DA:315,11
DA:316,11
DA:324,29
DA:325,29
DA:330,29
DA:348,0
DA:355,3
DA:448,1
DA:464,0
DA:490,1
DA:508,1
DA:529,0
DA:530,0
DA:554,1
DA:610,1
DA:650,11
DA:660,0
DA:668,1
DA:676,1
DA:719,0
DA:742,0
DA:763,0
DA:776,0
DA:789,0
DA:802,0
DA:812,0
LF:186
LH:113
BRDA:71,0,0,3
BRDA:71,0,1,5
BRDA:83,1,0,7
BRDA:83,1,1,0
BRDA:83,2,0,7
BRDA:83,2,1,7
BRDA:114,3,0,0
BRDA:114,3,1,0
BRDA:124,4,0,0
BRDA:124,4,1,1
BRDA:124,5,0,1
BRDA:124,5,1,1
BRDA:128,6,0,0
BRDA:128,6,1,1
BRDA:128,7,0,1
BRDA:128,7,1,1
BRDA:132,8,0,0
BRDA:132,8,1,1
BRDA:132,9,0,1
BRDA:132,9,1,1
BRDA:143,10,0,1
BRDA:143,10,1,0
BRDA:144,11,0,1
BRDA:144,11,1,0
BRDA:158,12,0,0
BRDA:158,12,1,0
BRDA:167,13,0,5
BRDA:167,13,1,2
BRDA:167,14,0,7
BRDA:167,14,1,5
BRDA:173,15,0,1
BRDA:173,15,1,1
BRDA:173,16,0,2
BRDA:173,16,1,2
BRDA:175,17,0,1
BRDA:175,17,1,0
BRDA:177,18,0,0
BRDA:177,18,1,0
BRDA:189,19,0,0
BRDA:189,19,1,1
BRDA:189,20,0,1
BRDA:189,20,1,1
BRDA:189,20,2,1
BRDA:189,20,3,0
BRDA:194,21,0,1
BRDA:194,21,1,0
BRDA:195,22,0,1
BRDA:195,22,1,0
BRDA:202,23,0,1
BRDA:202,23,1,0
BRDA:206,24,0,0
BRDA:206,24,1,1
BRDA:209,25,0,1
BRDA:209,25,1,0
BRDA:231,26,0,0
BRDA:231,26,1,1
BRDA:247,27,0,0
BRDA:247,27,1,0
BRDA:253,28,0,0
BRDA:253,28,1,0
BRDA:255,29,0,0
BRDA:255,29,1,0
BRDA:255,30,0,0
BRDA:255,30,1,0
BRDA:255,30,2,0
BRDA:266,31,0,0
BRDA:266,31,1,0
BRDA:274,32,0,0
BRDA:274,32,1,0
BRDA:284,33,0,12
BRDA:284,33,1,0
BRDA:285,34,0,12
BRDA:285,34,1,0
BRDA:286,35,0,12
BRDA:286,35,1,12
BRDA:287,36,0,12
BRDA:287,36,1,0
BRDA:288,37,0,12
BRDA:288,37,1,0
BRDA:290,38,0,12
BRDA:290,38,1,0
BRDA:290,38,2,0
BRDA:290,38,3,0
BRDA:290,38,4,0
BRDA:290,38,5,0
BRDA:294,39,0,0
BRDA:294,39,1,11
BRDA:294,39,2,0
BRDA:294,39,3,0
BRDA:294,39,4,0
BRDA:294,39,5,0
BRDA:294,39,6,0
BRDA:294,39,7,0
BRDA:316,40,0,11
BRDA:316,40,1,0
BRDA:349,41,0,14
BRDA:349,41,1,15
BRDA:356,42,0,15
BRDA:356,42,1,14
BRDA:364,43,0,14
BRDA:364,43,1,15
BRDA:366,44,0,1
BRDA:366,44,1,13
BRDA:384,45,0,1
BRDA:384,45,1,1
BRDA:419,46,0,13
BRDA:419,46,1,0
BRDA:578,47,0,1
BRDA:578,47,1,12
BRDA:614,48,0,1
BRDA:614,48,1,14
BRDA:619,49,0,1
BRDA:619,49,1,14
BRDA:639,50,0,3
BRDA:639,50,1,11
BRDA:677,51,0,11
BRDA:677,51,1,0
BRDA:679,52,0,11
BRDA:679,52,1,0
BRDA:680,53,0,11
BRDA:680,53,1,11
BRDA:680,53,2,11
BRDA:682,54,0,11
BRDA:682,54,1,0
BRDA:694,55,0,14
BRDA:694,55,1,0
BRDA:711,56,0,29
BRDA:711,56,1,0
BRDA:822,57,0,0
BRDA:822,57,1,0
BRF:130
BRH:71
end_of_record
TN:
SF:src\services\api.ts
FN:8,getToken
FN:19,buildUrl
FN:37,(anonymous_2)
FN:59,request
FN:104,(anonymous_4)
FN:159,(anonymous_5)
FN:162,(anonymous_6)
FN:169,(anonymous_7)
FN:176,(anonymous_8)
FN:183,(anonymous_9)
FN:189,apiGet
FN:193,apiPost
FN:197,apiPut
FN:201,apiPatch
FN:205,apiDelete
FNF:15
FNH:14
FNDA:25,getToken
FNDA:25,buildUrl
FNDA:6,(anonymous_2)
FNDA:25,request
FNDA:0,(anonymous_4)
FNDA:15,(anonymous_5)
FNDA:5,(anonymous_6)
FNDA:1,(anonymous_7)
FNDA:1,(anonymous_8)
FNDA:2,(anonymous_9)
FNDA:1,apiGet
FNDA:1,apiPost
FNDA:1,apiPut
FNDA:1,apiPatch
FNDA:1,apiDelete
DA:1,53
DA:2,53
DA:10,25
DA:14,25
DA:16,5
DA:20,25
DA:22,25
DA:23,24
DA:24,1
DA:27,24
DA:28,24
DA:31,24
DA:34,25
DA:35,2
DA:37,2
DA:38,6
DA:39,4
DA:43,2
DA:45,2
DA:46,2
DA:50,25
DA:60,25
DA:61,25
DA:62,25
DA:64,25
DA:65,24
DA:68,25
DA:69,25
DA:72,25
DA:73,25
DA:76,25
DA:77,5
DA:80,25
DA:82,25
DA:83,25
DA:88,25
DA:89,2
DA:90,2
DA:92,2
DA:93,1
DA:96,2
DA:99,23
DA:100,1
DA:103,22
DA:104,3
DA:105,2
DA:106,2
DA:107,2
DA:108,1
DA:111,3
DA:112,1
DA:113,1
DA:114,1
DA:121,2
DA:122,2
DA:123,2
DA:124,2
DA:126,1
DA:130,2
DA:134,19
DA:135,19
DA:136,1
DA:140,18
DA:141,18
DA:142,1
DA:145,17
DA:146,17
DA:148,1
DA:149,1
DA:153,6
DA:154,6
DA:158,53
DA:160,15
DA:163,5
DA:170,1
DA:177,1
DA:184,2
DA:187,53
DA:190,1
DA:194,1
DA:198,1
DA:202,1
DA:206,1
LF:83
LH:83
BRDA:1,0,0,53
BRDA:1,0,1,0
BRDA:10,1,0,25
BRDA:10,1,1,22
BRDA:10,1,2,21
BRDA:14,2,0,20
BRDA:14,2,1,5
BRDA:22,3,0,24
BRDA:22,3,1,1
BRDA:23,4,0,1
BRDA:23,4,1,23
BRDA:27,5,0,24
BRDA:27,5,1,0
BRDA:34,6,0,2
BRDA:34,6,1,23
BRDA:38,7,0,4
BRDA:38,7,1,2
BRDA:38,8,0,6
BRDA:38,8,1,5
BRDA:45,9,0,2
BRDA:45,9,1,0
BRDA:46,10,0,1
BRDA:46,10,1,1
BRDA:59,11,0,25
BRDA:64,12,0,24
BRDA:64,12,1,1
BRDA:64,13,0,25
BRDA:64,13,1,24
BRDA:68,14,0,25
BRDA:68,14,1,0
BRDA:72,15,0,25
BRDA:72,15,1,0
BRDA:76,16,0,5
BRDA:76,16,1,20
BRDA:88,17,0,2
BRDA:88,17,1,23
BRDA:88,18,0,25
BRDA:88,18,1,3
BRDA:92,19,0,1
BRDA:92,19,1,1
BRDA:92,20,0,2
BRDA:92,20,1,2
BRDA:99,21,0,1
BRDA:99,21,1,22
BRDA:103,22,0,3
BRDA:103,22,1,19
BRDA:108,23,0,1
BRDA:108,23,1,0
BRDA:108,23,2,0
BRDA:111,24,0,1
BRDA:111,24,1,2
BRDA:111,25,0,3
BRDA:111,25,1,1
BRDA:113,26,0,1
BRDA:113,26,1,0
BRDA:121,27,0,2
BRDA:121,27,1,0
BRDA:124,28,0,2
BRDA:124,28,1,0
BRDA:124,28,2,0
BRDA:135,29,0,1
BRDA:135,29,1,18
BRDA:135,30,0,19
BRDA:135,30,1,18
BRDA:141,31,0,1
BRDA:141,31,1,17
BRDA:166,32,0,1
BRDA:166,32,1,4
BRDA:166,33,0,4
BRDA:166,33,1,0
BRDA:173,34,0,0
BRDA:173,34,1,1
BRDA:173,35,0,1
BRDA:173,35,1,0
BRDA:180,36,0,0
BRDA:180,36,1,1
BRDA:180,37,0,1
BRDA:180,37,1,0
BRF:78
BRH:62
end_of_record
TN:
SF:src\services\auditService.ts
FN:42,(anonymous_0)
FN:49,(anonymous_1)
FN:57,(anonymous_2)
FN:62,(anonymous_3)
FN:67,(anonymous_4)
FN:85,(anonymous_5)
FNF:6
FNH:6
FNDA:2,(anonymous_0)
FNDA:3,(anonymous_1)
FNDA:3,(anonymous_2)
FNDA:3,(anonymous_3)
FNDA:2,(anonymous_4)
FNDA:2,(anonymous_5)
DA:41,1
DA:43,2
DA:46,2
DA:50,3
DA:54,3
DA:58,3
DA:59,3
DA:63,3
DA:64,3
DA:75,2
DA:76,2
DA:77,2
DA:78,2
DA:79,2
DA:80,2
DA:81,2
DA:82,2
DA:94,2
DA:95,2
DA:96,2
DA:97,2
DA:98,2
DA:99,2
DA:100,2
DA:101,2
DA:102,2
LF:26
LH:26
BRDA:46,0,0,1
BRDA:46,0,1,1
BRDA:49,1,0,3
BRDA:54,2,0,2
BRDA:54,2,1,1
BRDA:57,3,0,3
BRDA:57,4,0,3
BRDA:59,5,0,2
BRDA:59,5,1,1
BRDA:62,6,0,3
BRDA:62,7,0,3
BRDA:64,8,0,2
BRDA:64,8,1,1
BRDA:76,9,0,1
BRDA:76,9,1,1
BRDA:77,10,0,1
BRDA:77,10,1,1
BRDA:78,11,0,1
BRDA:78,11,1,1
BRDA:79,12,0,1
BRDA:79,12,1,1
BRDA:80,13,0,1
BRDA:80,13,1,1
BRDA:81,14,0,1
BRDA:81,14,1,1
BRDA:95,15,0,1
BRDA:95,15,1,1
BRDA:96,16,0,1
BRDA:96,16,1,1
BRDA:97,17,0,1
BRDA:97,17,1,1
BRDA:98,18,0,1
BRDA:98,18,1,1
BRDA:99,19,0,1
BRDA:99,19,1,1
BRDA:100,20,0,1
BRDA:100,20,1,1
BRDA:101,21,0,1
BRDA:101,21,1,1
BRF:39
BRH:39
end_of_record
TN:
SF:src\services\authService.ts
FN:5,login
FN:9,getProfile
FN:13,getDashboardData
FN:17,register
FN:21,verifyRegistration
FN:25,resendCode
FN:29,forgotPassword
FN:33,resetPassword
FNF:8
FNH:8
FNDA:1,login
FNDA:1,getProfile
FNDA:1,getDashboardData
FNDA:1,register
FNDA:1,verifyRegistration
FNDA:1,resendCode
FNDA:1,forgotPassword
FNDA:1,resetPassword
DA:4,54
DA:6,1
DA:10,1
DA:14,1
DA:18,1
DA:22,1
DA:26,1
DA:30,1
DA:34,1
LF:9
LH:9
BRF:0
BRH:0
end_of_record
TN:
SF:src\services\callService.ts
FN:32,normalizeStatus
FN:42,normalizeCall
FN:58,(anonymous_2)
FN:64,(anonymous_3)
FN:69,(anonymous_4)
FN:74,(anonymous_5)
FN:77,(anonymous_6)
FN:92,(anonymous_7)
FN:100,(anonymous_8)
FNF:9
FNH:9
FNDA:21,normalizeStatus
FNDA:23,normalizeCall
FNDA:3,(anonymous_2)
FNDA:1,(anonymous_3)
FNDA:2,(anonymous_4)
FNDA:1,(anonymous_5)
FNDA:1,(anonymous_6)
FNDA:1,(anonymous_7)
FNDA:1,(anonymous_8)
DA:33,21
DA:34,10
DA:35,10
DA:36,8
DA:37,5
DA:38,3
DA:39,1
DA:43,23
DA:44,21
DA:57,1
DA:59,3
DA:60,3
DA:61,3
DA:65,1
DA:66,1
DA:70,2
DA:71,2
DA:75,1
DA:78,1
DA:88,1
DA:89,1
DA:93,1
DA:97,1
DA:101,1
DA:111,1
DA:112,1
LF:26
LH:26
BRDA:33,0,0,11
BRDA:33,0,1,10
BRDA:35,1,0,2
BRDA:35,1,1,8
BRDA:35,2,0,10
BRDA:35,2,1,9
BRDA:36,3,0,3
BRDA:36,3,1,5
BRDA:36,4,0,8
BRDA:36,4,1,7
BRDA:37,5,0,2
BRDA:37,5,1,3
BRDA:37,6,0,5
BRDA:37,6,1,4
BRDA:38,7,0,2
BRDA:38,7,1,1
BRDA:38,8,0,3
BRDA:38,8,1,2
BRDA:43,9,0,2
BRDA:43,9,1,21
BRDA:45,10,0,1
BRDA:45,10,1,20
BRDA:46,11,0,23
BRDA:46,11,1,21
BRDA:46,11,2,16
BRDA:47,12,0,23
BRDA:47,12,1,21
BRDA:47,12,2,21
BRDA:48,13,0,23
BRDA:48,13,1,21
BRDA:48,13,2,21
BRDA:49,14,0,23
BRDA:49,14,1,21
BRDA:49,14,2,21
BRDA:50,15,0,23
BRDA:50,15,1,16
BRDA:51,16,0,23
BRDA:51,16,1,20
BRDA:51,16,2,19
BRDA:53,17,0,23
BRDA:53,17,1,21
BRDA:59,18,0,1
BRDA:59,18,1,2
BRDA:61,19,0,2
BRDA:61,19,1,1
BRDA:71,20,0,1
BRDA:71,20,1,1
BRDA:108,21,0,1
BRDA:108,21,1,0
BRF:49
BRH:48
end_of_record
TN:
SF:src\services\documentService.ts
FN:3,getAuthToken
FN:11,getBaseUrl
FN:34,(anonymous_2)
FN:43,(anonymous_3)
FN:45,(anonymous_4)
FN:57,(anonymous_5)
FN:66,(anonymous_6)
FN:70,(anonymous_7)
FN:92,(anonymous_8)
FN:97,(anonymous_9)
FNF:10
FNH:10
FNDA:5,getAuthToken
FNDA:6,getBaseUrl
FNDA:1,(anonymous_2)
FNDA:3,(anonymous_3)
FNDA:2,(anonymous_4)
FNDA:1,(anonymous_5)
FNDA:1,(anonymous_6)
FNDA:3,(anonymous_7)
FNDA:2,(anonymous_8)
FNDA:1,(anonymous_9)
DA:5,5
DA:8,5
DA:12,6
DA:33,4
DA:35,1
DA:36,1
DA:37,1
DA:44,3
DA:45,3
DA:58,1
DA:59,1
DA:60,1
DA:67,1
DA:71,3
DA:72,3
DA:73,3
DA:74,3
DA:76,3
DA:77,3
DA:78,1
DA:81,2
DA:82,2
DA:83,2
DA:84,2
DA:85,2
DA:86,3
DA:87,3
DA:88,3
DA:89,3
DA:93,2
DA:94,2
DA:98,1
LF:32
LH:32
BRDA:5,0,0,5
BRDA:5,0,1,4
BRDA:5,0,2,3
BRDA:8,1,0,2
BRDA:8,1,1,3
BRDA:12,2,0,6
BRDA:12,2,1,0
BRDA:45,3,0,2
BRDA:45,3,1,1
BRDA:47,4,0,2
BRDA:47,4,1,1
BRDA:47,4,2,0
BRDA:48,5,0,2
BRDA:48,5,1,1
BRDA:49,6,0,2
BRDA:49,6,1,1
BRDA:49,6,2,0
BRDA:50,7,0,2
BRDA:50,7,1,1
BRDA:51,8,0,2
BRDA:51,8,1,1
BRDA:52,9,0,2
BRDA:52,9,1,1
BRDA:74,10,0,1
BRDA:74,10,1,2
BRDA:77,11,0,1
BRDA:77,11,1,2
BRDA:85,12,0,2
BRDA:85,12,1,1
BRDA:94,13,0,1
BRDA:94,13,1,1
BRF:31
BRH:28
end_of_record
TN:
SF:src\services\evaluacionService.ts
FN:115,(anonymous_0)
FN:129,(anonymous_1)
FN:142,(anonymous_2)
FN:155,(anonymous_3)
FN:169,(anonymous_4)
FN:178,(anonymous_5)
FN:184,(anonymous_6)
FN:190,(anonymous_7)
FNF:8
FNH:8
FNDA:1,(anonymous_0)
FNDA:1,(anonymous_1)
FNDA:1,(anonymous_2)
FNDA:1,(anonymous_3)
FNDA:1,(anonymous_4)
FNDA:1,(anonymous_5)
FNDA:1,(anonymous_6)
FNDA:1,(anonymous_7)
DA:110,1
DA:120,1
DA:133,1
DA:146,1
DA:159,1
DA:172,1
DA:181,1
DA:187,1
DA:191,1
LF:9
LH:9
BRF:0
BRH:0
end_of_record
TN:
SF:src\services\observationService.ts
FN:21,(anonymous_0)
FN:25,(anonymous_1)
FNF:2
FNH:2
FNDA:1,(anonymous_0)
FNDA:1,(anonymous_1)
DA:20,1
DA:22,1
DA:26,1
LF:3
LH:3
BRF:0
BRH:0
end_of_record
TN:
SF:src\services\progressReportService.ts
FN:30,toFrontendStatus
FN:34,toBackendStatus
FN:112,mapResponseToReport
FN:129,mapResponseToDetail
FN:166,(anonymous_4)
FN:180,(anonymous_5)
FN:184,(anonymous_6)
FN:189,(anonymous_7)
FN:194,(anonymous_8)
FN:208,(anonymous_9)
FN:215,(anonymous_10)
FN:220,(anonymous_11)
FN:225,(anonymous_12)
FN:230,(anonymous_13)
FNF:14
FNH:14
FNDA:9,toFrontendStatus
FNDA:1,toBackendStatus
FNDA:9,mapResponseToReport
FNDA:1,mapResponseToDetail
FNDA:2,(anonymous_4)
FNDA:1,(anonymous_5)
FNDA:1,(anonymous_6)
FNDA:1,(anonymous_7)
FNDA:1,(anonymous_8)
FNDA:1,(anonymous_9)
FNDA:1,(anonymous_10)
FNDA:1,(anonymous_11)
FNDA:1,(anonymous_12)
FNDA:1,(anonymous_13)
DA:13,1
DA:22,1
DA:31,9
DA:35,1
DA:113,9
DA:130,1
DA:131,1
DA:165,1
DA:167,2
DA:168,2
DA:171,2
DA:172,2
DA:181,1
DA:185,1
DA:186,1
DA:190,1
DA:191,1
DA:204,1
DA:205,1
DA:211,1
DA:212,1
DA:216,1
DA:217,1
DA:221,1
DA:222,1
DA:226,1
DA:227,1
DA:231,1
DA:232,1
LF:29
LH:29
BRDA:31,0,0,9
BRDA:31,0,1,1
BRDA:35,1,0,1
BRDA:35,1,1,0
BRDA:117,2,0,9
BRDA:117,2,1,8
BRDA:118,3,0,9
BRDA:118,3,1,8
BRDA:119,4,0,9
BRDA:119,4,1,7
BRDA:119,4,2,7
BRDA:120,5,0,9
BRDA:120,5,1,8
BRDA:121,6,0,9
BRDA:121,6,1,8
BRDA:122,7,0,9
BRDA:122,7,1,7
BRDA:122,7,2,6
BRDA:123,8,0,1
BRDA:123,8,1,8
BRDA:133,9,0,1
BRDA:133,9,1,1
BRDA:137,10,0,1
BRDA:137,10,1,0
BRDA:138,11,0,1
BRDA:138,11,1,0
BRDA:142,12,0,1
BRDA:142,12,1,1
BRDA:143,13,0,1
BRDA:143,13,1,0
BRDA:148,14,0,1
BRDA:148,14,1,0
BRDA:150,15,0,1
BRDA:150,15,1,0
BRDA:156,16,0,1
BRDA:156,16,1,0
BRDA:159,17,0,1
BRDA:159,17,1,1
BRDA:167,18,0,1
BRDA:167,18,1,1
BRDA:169,19,0,1
BRDA:169,19,1,1
BRDA:171,20,0,1
BRDA:171,20,1,1
BRDA:171,21,0,1
BRDA:171,21,1,0
BRF:46
BRH:38
end_of_record
TN:
SF:src\services\projectService.ts
FN:64,(anonymous_0)
FN:66,(anonymous_1)
FN:69,(anonymous_2)
FN:75,(anonymous_3)
FN:80,(anonymous_4)
FN:83,(anonymous_5)
FN:86,(anonymous_6)
FNF:7
FNH:7
FNDA:1,(anonymous_0)
FNDA:2,(anonymous_1)
FNDA:1,(anonymous_2)
FNDA:2,(anonymous_3)
FNDA:1,(anonymous_4)
FNDA:1,(anonymous_5)
FNDA:2,(anonymous_6)
DA:63,3
DA:64,1
DA:66,2
DA:69,1
DA:75,2
DA:80,1
DA:83,1
DA:87,2
DA:88,2
DA:89,2
LF:10
LH:10
BRF:0
BRH:0
end_of_record
TN:
SF:src\services\researchService.ts
FN:82,(anonymous_0)
FN:86,(anonymous_1)
FN:90,(anonymous_2)
FN:94,(anonymous_3)
FN:98,(anonymous_4)
FN:102,(anonymous_5)
FN:106,(anonymous_6)
FN:110,(anonymous_7)
FN:116,(anonymous_8)
FN:120,(anonymous_9)
FN:124,(anonymous_10)
FN:128,(anonymous_11)
FN:132,(anonymous_12)
FN:136,(anonymous_13)
FN:143,(anonymous_14)
FN:148,(anonymous_15)
FN:153,(anonymous_16)
FN:161,(anonymous_17)
FN:166,(anonymous_18)
FN:172,(anonymous_19)
FNF:20
FNH:20
FNDA:2,(anonymous_0)
FNDA:1,(anonymous_1)
FNDA:1,(anonymous_2)
FNDA:1,(anonymous_3)
FNDA:1,(anonymous_4)
FNDA:1,(anonymous_5)
FNDA:1,(anonymous_6)
FNDA:1,(anonymous_7)
FNDA:1,(anonymous_8)
FNDA:1,(anonymous_9)
FNDA:1,(anonymous_10)
FNDA:1,(anonymous_11)
FNDA:1,(anonymous_12)
FNDA:1,(anonymous_13)
FNDA:1,(anonymous_14)
FNDA:1,(anonymous_15)
FNDA:1,(anonymous_16)
FNDA:1,(anonymous_17)
FNDA:1,(anonymous_18)
FNDA:1,(anonymous_19)
DA:78,2
DA:83,2
DA:87,1
DA:91,1
DA:95,1
DA:99,1
DA:103,1
DA:107,1
DA:111,1
DA:117,1
DA:121,1
DA:125,1
DA:129,1
DA:133,1
DA:137,1
DA:144,1
DA:149,1
DA:154,1
DA:162,1
DA:167,1
DA:173,1
LF:21
LH:21
BRDA:82,0,0,2
BRF:1
BRH:1
end_of_record
TN:
SF:src\services\resolutionService.ts
FN:44,(anonymous_0)
FN:52,(anonymous_1)
FN:57,(anonymous_2)
FNF:3
FNH:3
FNDA:2,(anonymous_0)
FNDA:1,(anonymous_1)
FNDA:1,(anonymous_2)
DA:43,1
DA:45,2
DA:46,2
DA:48,1
DA:53,1
DA:54,1
DA:64,1
DA:65,1
DA:66,1
DA:67,1
DA:68,1
DA:69,1
DA:71,1
LF:13
LH:13
BRF:0
BRH:0
end_of_record
TN:
SF:src\services\thesisService.ts
FN:42,(anonymous_0)
FN:43,(anonymous_1)
FN:44,(anonymous_2)
FN:45,(anonymous_3)
FN:46,(anonymous_4)
FN:49,(anonymous_5)
FN:50,(anonymous_6)
FN:51,(anonymous_7)
FN:52,(anonymous_8)
FN:53,(anonymous_9)
FN:54,(anonymous_10)
FN:55,(anonymous_11)
FN:58,(anonymous_12)
FN:59,(anonymous_13)
FN:60,(anonymous_14)
FN:61,(anonymous_15)
FN:62,(anonymous_16)
FNF:17
FNH:17
FNDA:1,(anonymous_0)
FNDA:1,(anonymous_1)
FNDA:1,(anonymous_2)
FNDA:1,(anonymous_3)
FNDA:1,(anonymous_4)
FNDA:1,(anonymous_5)
FNDA:1,(anonymous_6)
FNDA:1,(anonymous_7)
FNDA:1,(anonymous_8)
FNDA:1,(anonymous_9)
FNDA:1,(anonymous_10)
FNDA:1,(anonymous_11)
FNDA:1,(anonymous_12)
FNDA:1,(anonymous_13)
FNDA:1,(anonymous_14)
FNDA:1,(anonymous_15)
FNDA:1,(anonymous_16)
DA:40,2
DA:42,1
DA:43,1
DA:44,1
DA:45,1
DA:46,1
DA:49,1
DA:50,1
DA:51,1
DA:52,1
DA:53,1
DA:54,1
DA:55,1
DA:58,1
DA:59,1
DA:60,1
DA:61,1
DA:62,1
LF:18
LH:18
BRF:0
BRH:0
end_of_record
TN:
SF:src\services\tramiteService.ts
FN:18,mapProcedureToTramite
FN:37,mapMovementToMovimiento
FN:55,(anonymous_2)
FN:61,(anonymous_3)
FN:69,(anonymous_4)
FN:74,(anonymous_5)
FN:79,(anonymous_6)
FN:82,(anonymous_7)
FN:85,(anonymous_8)
FN:90,(anonymous_9)
FN:113,(anonymous_10)
FN:118,(anonymous_11)
FN:126,(anonymous_12)
FN:131,(anonymous_13)
FN:138,(anonymous_14)
FN:143,(anonymous_15)
FNF:16
FNH:16
FNDA:7,mapProcedureToTramite
FNDA:1,mapMovementToMovimiento
FNDA:2,(anonymous_2)
FNDA:2,(anonymous_3)
FNDA:1,(anonymous_4)
FNDA:2,(anonymous_5)
FNDA:1,(anonymous_6)
FNDA:3,(anonymous_7)
FNDA:2,(anonymous_8)
FNDA:1,(anonymous_9)
FNDA:1,(anonymous_10)
FNDA:1,(anonymous_11)
FNDA:1,(anonymous_12)
FNDA:1,(anonymous_13)
FNDA:1,(anonymous_14)
FNDA:2,(anonymous_15)
DA:12,1
DA:19,7
DA:41,1
DA:54,1
DA:56,2
DA:57,2
DA:58,1
DA:62,2
DA:65,2
DA:66,1
DA:70,1
DA:71,1
DA:75,2
DA:78,2
DA:79,1
DA:83,3
DA:84,3
DA:85,2
DA:86,2
DA:87,2
DA:88,2
DA:89,1
DA:90,1
DA:100,2
DA:114,1
DA:115,1
DA:119,1
DA:123,1
DA:127,1
DA:128,1
DA:132,1
DA:135,1
DA:139,1
DA:140,1
DA:145,2
DA:146,1
DA:147,1
DA:149,2
DA:150,2
DA:151,2
LF:40
LH:40
BRDA:29,0,0,7
BRDA:29,0,1,6
BRDA:30,1,0,7
BRDA:30,1,1,6
BRDA:31,2,0,7
BRDA:31,2,1,6
BRDA:32,3,0,7
BRDA:32,3,1,6
BRDA:33,4,0,7
BRDA:33,4,1,6
BRDA:57,5,0,1
BRDA:57,5,1,1
BRDA:65,6,0,1
BRDA:65,6,1,1
BRDA:78,7,0,1
BRDA:78,7,1,1
BRDA:84,8,0,1
BRDA:84,8,1,2
BRDA:89,9,0,1
BRDA:89,9,1,0
BRDA:95,10,0,1
BRDA:95,10,1,0
BRDA:121,11,0,1
BRDA:121,11,1,0
BRDA:145,12,0,1
BRDA:145,12,1,1
BRDA:150,13,0,1
BRDA:150,13,1,1
BRDA:152,14,0,2
BRDA:152,14,1,1
BRF:30
BRH:27
end_of_record
TN:
SF:src\services\userService.ts
FN:39,(anonymous_0)
FN:45,(anonymous_1)
FN:48,(anonymous_2)
FN:53,(anonymous_3)
FN:57,(anonymous_4)
FN:61,(anonymous_5)
FN:65,(anonymous_6)
FN:69,(anonymous_7)
FN:73,(anonymous_8)
FN:84,(anonymous_9)
FN:94,(anonymous_10)
FNF:11
FNH:11
FNDA:3,(anonymous_0)
FNDA:2,(anonymous_1)
FNDA:5,(anonymous_2)
FNDA:1,(anonymous_3)
FNDA:1,(anonymous_4)
FNDA:1,(anonymous_5)
FNDA:1,(anonymous_6)
FNDA:1,(anonymous_7)
FNDA:1,(anonymous_8)
FNDA:1,(anonymous_9)
FNDA:1,(anonymous_10)
DA:36,1
DA:38,1
DA:40,3
DA:41,3
DA:42,3
DA:46,2
DA:47,2
DA:48,1
DA:49,5
DA:54,1
DA:58,1
DA:62,1
DA:66,1
DA:70,1
DA:81,1
DA:91,1
DA:95,1
LF:17
LH:17
BRDA:40,0,0,1
BRDA:40,0,1,2
BRDA:42,1,0,2
BRDA:42,1,1,1
BRDA:47,2,0,1
BRDA:47,2,1,1
BRDA:49,3,0,5
BRDA:49,3,1,4
BRF:8
BRH:8
end_of_record
TN:
SF:src\utils\testUtils.tsx
FN:10,renderWithProviders
FNF:1
FNH:1
FNDA:339,renderWithProviders
DA:35,339
DA:43,339
LF:2
LH:2
BRDA:12,0,0,339
BRDA:13,1,0,339
BRDA:14,2,0,339
BRF:3
BRH:3
end_of_record
TN:
SF:src\utils\tramiteLabels.ts
FN:25,(anonymous_0)
FN:28,(anonymous_1)
FN:31,(anonymous_2)
FN:34,(anonymous_3)
FN:37,(anonymous_4)
FN:40,(anonymous_5)
FN:43,(anonymous_6)
FNF:7
FNH:7
FNDA:73,(anonymous_0)
FNDA:24,(anonymous_1)
FNDA:38,(anonymous_2)
FNDA:22,(anonymous_3)
FNDA:23,(anonymous_4)
FNDA:24,(anonymous_5)
FNDA:27,(anonymous_6)
DA:7,5
DA:19,5
DA:25,5
DA:26,73
DA:28,5
DA:29,24
DA:31,5
DA:32,38
DA:34,5
DA:35,22
DA:37,5
DA:38,23
DA:40,5
DA:41,24
DA:43,5
DA:44,27
LF:16
LH:16
BRDA:29,0,0,24
BRDA:29,0,1,1
BRDA:41,1,0,24
BRDA:41,1,1,1
BRDA:44,2,0,27
BRDA:44,2,1,22
BRDA:44,2,2,5
BRF:7
BRH:7
end_of_record
